PRT1
270
825
4 0 108 (512 0 -640 ) (0 0 -640 ) (0 0 -880 ) (512 0 -880 ) 
4 0 45 (0 0 -880 ) (0 0 -640 ) (0 1280 -640 ) (0 1280 -880 ) 
4 0 13 (0 768 -880 ) (0 1280 -880 ) (112 1280 -880 ) (112 768 -880 ) 
4 0 10 (512 0 -880 ) (496 0 -880 ) (496 16 -880 ) (512 16 -880 ) 
4 0 9 (112 128 -880 ) (112 384 -880 ) (496 384 -880 ) (496 128 -880 ) 
4 0 8 (496 496 -880 ) (512 496 -880 ) (512 16 -880 ) (496 16 -880 ) 
4 0 6 (112 768 -880 ) (112 1280 -880 ) (336 1280 -880 ) (336 768 -880 ) 
4 0 3 (336 1280 -880 ) (400 1280 -880 ) (400 768 -880 ) (336 768 -880 ) 
4 0 2 (400 1280 -880 ) (496 1280 -880 ) (496 768 -880 ) (400 768 -880 ) 
4 0 1 (496 1280 -880 ) (512 1280 -880 ) (512 496 -880 ) (496 496 -880 ) 
4 1 17 (512 1280 -896 ) (512 768 -896 ) (496 768 -896 ) (496 1280 -896 ) 
4 1 8 (496 496 -896 ) (512 496 -896 ) (512 496 -880 ) (496 496 -880 ) 
4 1 2 (496 1280 -880 ) (496 1280 -896 ) (496 768 -896 ) (496 768 -880 ) 
4 2 19 (400 784 -896 ) (400 1280 -896 ) (496 1280 -896 ) (496 784 -896 ) 
4 2 3 (400 1280 -896 ) (400 768 -896 ) (400 768 -880 ) (400 1280 -880 ) 
4 3 19 (400 1280 -896 ) (400 784 -896 ) (336 784 -896 ) (336 1280 -896 ) 
4 3 6 (336 1280 -896 ) (336 768 -896 ) (336 768 -880 ) (336 1280 -880 ) 
4 4 20 (400 656 -896 ) (400 624 -896 ) (336 624 -896 ) (336 656 -896 ) 
4 5 20 (400 528 -896 ) (400 496 -896 ) (336 496 -896 ) (336 528 -896 ) 
4 6 19 (336 1280 -896 ) (336 784 -896 ) (112 784 -896 ) (112 1280 -896 ) 
4 6 13 (112 1280 -896 ) (112 768 -896 ) (112 768 -880 ) (112 1280 -880 ) 
4 7 20 (272 496 -896 ) (208 496 -896 ) (208 528 -896 ) (272 528 -896 ) 
4 8 18 (496 128 -896 ) (496 384 -896 ) (512 384 -896 ) (512 128 -896 ) 
4 8 10 (496 16 -896 ) (512 16 -896 ) (512 16 -880 ) (496 16 -880 ) 
4 8 9 (496 384 -896 ) (496 128 -896 ) (496 128 -880 ) (496 384 -880 ) 
4 9 21 (112 144 -896 ) (112 368 -896 ) (496 368 -896 ) (496 144 -896 ) 
4 10 109 (512 0 -880 ) (496 0 -880 ) (496 0 -896 ) (512 0 -896 ) 
4 11 111 (336 0 -892 ) (336 0 -896 ) (400 0 -896 ) (400 0 -892 ) 
4 11 22 (400 0 -896 ) (336 0 -896 ) (336 16 -896 ) (400 16 -896 ) 
4 12 114 (208 0 -892 ) (208 0 -896 ) (272 0 -896 ) (272 0 -892 ) 
4 12 22 (272 0 -896 ) (208 0 -896 ) (208 16 -896 ) (272 16 -896 ) 
4 13 46 (0 768 -880 ) (0 1280 -880 ) (0 1280 -896 ) (0 768 -896 ) 
4 13 25 (0 768 -896 ) (0 1280 -896 ) (96 1280 -896 ) (96 768 -896 ) 
4 13 23 (96 1280 -896 ) (112 1280 -896 ) (112 768 -896 ) (96 768 -896 ) 
4 14 48 (0 672 -888 ) (0 672 -896 ) (0 608 -896 ) (0 608 -888 ) 
4 14 25 (0 608 -896 ) (0 672 -896 ) (16 672 -896 ) (16 608 -896 ) 
4 15 52 (0 416 -888 ) (0 416 -896 ) (0 352 -896 ) (0 352 -888 ) 
4 15 25 (0 352 -896 ) (0 416 -896 ) (16 416 -896 ) (16 352 -896 ) 
4 16 56 (0 160 -888 ) (0 160 -896 ) (0 96 -896 ) (0 96 -888 ) 
4 16 28 (0 96 -896 ) (0 160 -896 ) (16 160 -896 ) (16 96 -896 ) 
4 17 29 (496 768 -1024 ) (496 1280 -1024 ) (512 1280 -1024 ) (512 768 -1024 ) 
4 17 19 (496 1280 -1024 ) (496 784 -1024 ) (496 784 -896 ) (496 1280 -896 ) 
4 18 33 (496 128 -1024 ) (496 384 -1024 ) (512 384 -1024 ) (512 128 -1024 ) 
4 18 21 (496 368 -1024 ) (496 144 -1024 ) (496 144 -896 ) (496 368 -896 ) 
4 19 30 (112 784 -1024 ) (112 1280 -1024 ) (496 1280 -1024 ) (496 784 -1024 ) 
4 19 23 (112 1280 -1024 ) (112 784 -1024 ) (112 784 -896 ) (112 1280 -896 ) 
4 20 32 (288 592 -1024 ) (288 432 -1024 ) (160 432 -1024 ) (160 592 -1024 ) 
4 20 31 (288 720 -1024 ) (448 720 -1024 ) (448 432 -1024 ) (288 432 -1024 ) 
4 20 24 (112 640 -1024 ) (112 576 -1024 ) (112 576 -916 ) (112 640 -916 ) 
4 21 36 (112 144 -1024 ) (112 368 -1024 ) (160 368 -1024 ) (160 144 -1024 ) 
4 21 34 (160 368 -1024 ) (496 368 -1024 ) (496 144 -1024 ) (160 144 -1024 ) 
4 22 117 (496 0 -896 ) (112 0 -896 ) (112 0 -1024 ) (496 0 -1024 ) 
4 22 35 (448 0 -1024 ) (160 0 -1024 ) (160 80 -1024 ) (448 80 -1024 ) 
4 23 37 (96 768 -1024 ) (96 1280 -1024 ) (112 1280 -1024 ) (112 768 -1024 ) 
4 23 25 (96 1280 -1024 ) (96 768 -1024 ) (96 768 -896 ) (96 1280 -896 ) 
4 24 25 (96 640 -1024 ) (96 576 -1024 ) (96 576 -916 ) (96 640 -916 ) 
4 25 60 (0 264 -896 ) (0 1280 -896 ) (0 1280 -1024 ) (0 264 -1024 ) 
4 25 40 (0 264 -1024 ) (0 768 -1024 ) (32 768 -1024 ) (32 264 -1024 ) 
4 25 37 (0 768 -1024 ) (0 1280 -1024 ) (96 1280 -1024 ) (96 768 -1024 ) 
4 25 27 (0 264 -1024 ) (48 264 -1024 ) (48 264 -916 ) (0 264 -916 ) 
4 26 120 (96 0 -896 ) (48 0 -896 ) (48 0 -1024 ) (96 0 -1024 ) 
4 26 28 (48 248 -1024 ) (48 0 -1024 ) (48 0 -896 ) (48 248 -896 ) 
4 27 61 (0 264 -916 ) (0 264 -1024 ) (0 248 -1024 ) (0 248 -916 ) 
4 27 28 (0 248 -1024 ) (48 248 -1024 ) (48 248 -916 ) (0 248 -916 ) 
4 28 120 (48 0 -896 ) (0 0 -896 ) (0 0 -1024 ) (48 0 -1024 ) 
4 28 62 (0 0 -1024 ) (0 0 -896 ) (0 248 -896 ) (0 248 -1024 ) 
4 28 43 (32 0 -1024 ) (0 0 -1024 ) (0 248 -1024 ) (32 248 -1024 ) 
4 29 44 (512 1280 -1040 ) (512 384 -1040 ) (496 384 -1040 ) (496 1280 -1040 ) 
4 29 33 (496 384 -1040 ) (512 384 -1040 ) (512 384 -1024 ) (496 384 -1024 ) 
4 29 30 (496 1280 -1040 ) (496 768 -1040 ) (496 768 -1024 ) (496 1280 -1024 ) 
4 30 44 (496 1280 -1040 ) (496 768 -1040 ) (112 768 -1040 ) (112 1280 -1040 ) 
4 30 37 (112 1280 -1040 ) (112 768 -1040 ) (112 768 -1024 ) (112 1280 -1024 ) 
4 31 32 (288 592 -1026 ) (288 432 -1026 ) (288 432 -1024 ) (288 592 -1024 ) 
4 33 126 (512 0 -1024 ) (496 0 -1024 ) (496 0 -1040 ) (512 0 -1040 ) 
4 33 44 (512 0 -1040 ) (496 0 -1040 ) (496 384 -1040 ) (512 384 -1040 ) 
4 33 34 (496 384 -1024 ) (496 384 -1040 ) (496 128 -1040 ) (496 128 -1024 ) 
4 34 44 (160 128 -1040 ) (160 384 -1040 ) (496 384 -1040 ) (496 128 -1040 ) 
4 34 36 (160 384 -1024 ) (160 384 -1040 ) (160 128 -1040 ) (160 128 -1024 ) 
4 35 127 (448 0 -1024 ) (160 0 -1024 ) (160 0 -1026 ) (448 0 -1026 ) 
4 36 44 (112 128 -1040 ) (112 384 -1040 ) (160 384 -1040 ) (160 128 -1040 ) 
4 36 42 (112 248 -1040 ) (112 128 -1040 ) (112 128 -1024 ) (112 248 -1024 ) 
4 36 41 (112 264 -1040 ) (112 248 -1040 ) (112 248 -1024 ) (112 264 -1024 ) 
4 36 39 (112 384 -1040 ) (112 264 -1040 ) (112 264 -1024 ) (112 384 -1024 ) 
4 37 95 (0 768 -1024 ) (0 1280 -1024 ) (0 1280 -1040 ) (0 768 -1040 ) 
4 37 44 (0 768 -1040 ) (0 1280 -1040 ) (112 1280 -1040 ) (112 768 -1040 ) 
4 37 40 (32 768 -1026 ) (32 768 -1024 ) (0 768 -1024 ) (0 768 -1026 ) 
4 37 38 (96 768 -1040 ) (112 768 -1040 ) (112 768 -1024 ) (96 768 -1024 ) 
4 38 44 (96 768 -1040 ) (112 768 -1040 ) (112 640 -1040 ) (96 640 -1040 ) 
4 39 44 (112 576 -1040 ) (112 264 -1040 ) (96 264 -1040 ) (96 576 -1040 ) 
4 39 41 (96 264 -1040 ) (112 264 -1040 ) (112 264 -1024 ) (96 264 -1024 ) 
4 40 96 (0 264 -1024 ) (0 768 -1024 ) (0 768 -1026 ) (0 264 -1026 ) 
4 41 44 (48 264 -1040 ) (112 264 -1040 ) (112 248 -1040 ) (48 248 -1040 ) 
4 41 42 (96 248 -1040 ) (112 248 -1040 ) (112 248 -1024 ) (96 248 -1024 ) 
4 42 129 (112 0 -1024 ) (96 0 -1024 ) (96 0 -1040 ) (112 0 -1040 ) 
4 42 44 (96 248 -1040 ) (112 248 -1040 ) (112 0 -1040 ) (96 0 -1040 ) 
4 43 131 (32 0 -1024 ) (0 0 -1024 ) (0 0 -1026 ) (32 0 -1026 ) 
4 43 103 (0 0 -1026 ) (0 0 -1024 ) (0 248 -1024 ) (0 248 -1026 ) 
4 44 133 (512 0 -1040 ) (0 0 -1040 ) (0 0 -1088 ) (512 0 -1088 ) 
4 44 107 (0 0 -1088 ) (0 0 -1040 ) (0 1280 -1040 ) (0 1280 -1088 ) 
4 45 134 (0 0 -880 ) (0 0 -640 ) (-1280 0 -640 ) (-1280 0 -880 ) 
4 45 59 (-848 0 -880 ) (-1280 0 -880 ) (-1280 96 -880 ) (-848 96 -880 ) 
4 45 58 (-848 96 -880 ) (-1280 96 -880 ) (-1280 160 -880 ) (-848 160 -880 ) 
4 45 55 (-848 160 -880 ) (-1280 160 -880 ) (-1280 352 -880 ) (-848 352 -880 ) 
4 45 54 (-848 352 -880 ) (-1280 352 -880 ) (-1280 416 -880 ) (-848 416 -880 ) 
4 45 51 (-848 416 -880 ) (-1280 416 -880 ) (-1280 608 -880 ) (-848 608 -880 ) 
4 45 50 (-848 608 -880 ) (-1280 608 -880 ) (-1280 672 -880 ) (-848 672 -880 ) 
4 45 47 (-848 672 -880 ) (-1280 672 -880 ) (-1280 768 -880 ) (-848 768 -880 ) 
4 45 46 (0 1280 -880 ) (0 768 -880 ) (-1280 768 -880 ) (-1280 1280 -880 ) 
4 46 82 (-352 768 -896 ) (-1280 768 -896 ) (-1280 1280 -896 ) (-352 1280 -896 ) 
4 46 73 (-336 768 -896 ) (-352 768 -896 ) (-352 1280 -896 ) (-336 1280 -896 ) 
4 46 68 (-112 768 -896 ) (-128 768 -896 ) (-128 1280 -896 ) (-112 1280 -896 ) 
4 46 69 (-128 768 -896 ) (-336 768 -896 ) (-336 1280 -896 ) (-128 1280 -896 ) 
4 46 65 (-96 768 -896 ) (-112 768 -896 ) (-112 1280 -896 ) (-96 1280 -896 ) 
4 46 63 (-48 768 -896 ) (-96 768 -896 ) (-96 1280 -896 ) (-48 1280 -896 ) 
4 46 60 (0 1280 -896 ) (0 768 -896 ) (-48 768 -896 ) (-48 1280 -896 ) 
4 46 47 (-1280 768 -896 ) (-848 768 -896 ) (-848 768 -880 ) (-1280 768 -880 ) 
4 47 94 (-1280 768 -896 ) (-864 768 -896 ) (-864 672 -896 ) (-1280 672 -896 ) 
4 47 50 (-1280 672 -896 ) (-848 672 -896 ) (-848 672 -880 ) (-1280 672 -880 ) 
4 48 60 (-16 672 -896 ) (0 672 -896 ) (0 608 -896 ) (-16 608 -896 ) 
4 49 69 (-240 672 -896 ) (-208 672 -896 ) (-208 640 -896 ) (-240 640 -896 ) 
4 49 70 (-208 640 -896 ) (-208 608 -896 ) (-240 608 -896 ) (-240 640 -896 ) 
4 50 94 (-1280 672 -896 ) (-864 672 -896 ) (-864 608 -896 ) (-1280 608 -896 ) 
4 50 51 (-1280 608 -896 ) (-848 608 -896 ) (-848 608 -880 ) (-1280 608 -880 ) 
4 51 94 (-1280 608 -896 ) (-864 608 -896 ) (-864 416 -896 ) (-1280 416 -896 ) 
4 51 54 (-1280 416 -896 ) (-848 416 -896 ) (-848 416 -880 ) (-1280 416 -880 ) 
4 52 60 (-16 416 -896 ) (0 416 -896 ) (0 352 -896 ) (-16 352 -896 ) 
4 53 70 (-240 416 -896 ) (-208 416 -896 ) (-208 352 -896 ) (-240 352 -896 ) 
4 54 94 (-1280 416 -896 ) (-864 416 -896 ) (-864 352 -896 ) (-1280 352 -896 ) 
4 54 55 (-1280 352 -896 ) (-848 352 -896 ) (-848 352 -880 ) (-1280 352 -880 ) 
4 55 94 (-1280 352 -896 ) (-864 352 -896 ) (-864 160 -896 ) (-1280 160 -896 ) 
4 55 58 (-1280 160 -896 ) (-848 160 -896 ) (-848 160 -880 ) (-1280 160 -880 ) 
4 56 62 (-16 160 -896 ) (0 160 -896 ) (0 96 -896 ) (-16 96 -896 ) 
4 57 72 (-240 160 -896 ) (-208 160 -896 ) (-208 96 -896 ) (-240 96 -896 ) 
4 58 94 (-1280 160 -896 ) (-864 160 -896 ) (-864 96 -896 ) (-1280 96 -896 ) 
4 58 59 (-1280 96 -896 ) (-848 96 -896 ) (-848 96 -880 ) (-1280 96 -880 ) 
4 59 147 (-848 0 -880 ) (-1280 0 -880 ) (-1280 0 -896 ) (-848 0 -896 ) 
4 59 94 (-864 0 -896 ) (-1280 0 -896 ) (-1280 96 -896 ) (-864 96 -896 ) 
4 60 96 (0 768 -1024 ) (0 264 -1024 ) (-32 264 -1024 ) (-32 768 -1024 ) 
4 60 95 (0 1280 -1024 ) (0 768 -1024 ) (-48 768 -1024 ) (-48 1280 -1024 ) 
4 60 63 (-48 1280 -1024 ) (-48 264 -1024 ) (-48 264 -896 ) (-48 1280 -896 ) 
4 60 61 (-48 264 -916 ) (-48 264 -1024 ) (0 264 -1024 ) (0 264 -916 ) 
4 61 62 (-48 248 -916 ) (-48 248 -1024 ) (0 248 -1024 ) (0 248 -916 ) 
4 62 148 (0 0 -1024 ) (0 0 -896 ) (-48 0 -896 ) (-48 0 -1024 ) 
4 62 103 (0 248 -1024 ) (0 0 -1024 ) (-32 0 -1024 ) (-32 248 -1024 ) 
4 62 64 (-48 248 -1024 ) (-48 0 -1024 ) (-48 0 -896 ) (-48 248 -896 ) 
4 63 95 (-48 1280 -1024 ) (-48 768 -1024 ) (-96 768 -1024 ) (-96 1280 -1024 ) 
4 63 66 (-96 560 -1024 ) (-96 464 -1024 ) (-96 464 -916 ) (-96 560 -916 ) 
4 63 65 (-96 1280 -1024 ) (-96 640 -1024 ) (-96 640 -896 ) (-96 1280 -896 ) 
4 64 148 (-48 0 -896 ) (-96 0 -896 ) (-96 0 -1024 ) (-48 0 -1024 ) 
4 64 67 (-96 48 -1024 ) (-96 0 -1024 ) (-96 0 -916 ) (-96 48 -916 ) 
4 65 95 (-96 1280 -1024 ) (-96 768 -1024 ) (-112 768 -1024 ) (-112 1280 -1024 ) 
4 65 68 (-112 1280 -1024 ) (-112 768 -1024 ) (-112 768 -896 ) (-112 1280 -896 ) 
4 66 70 (-112 560 -1024 ) (-112 464 -1024 ) (-112 464 -916 ) (-112 560 -916 ) 
4 67 149 (-112 0 -916 ) (-112 0 -1024 ) (-96 0 -1024 ) (-96 0 -916 ) 
4 67 72 (-112 48 -1024 ) (-112 0 -1024 ) (-112 0 -916 ) (-112 48 -916 ) 
4 68 95 (-112 1280 -1024 ) (-112 768 -1024 ) (-128 768 -1024 ) (-128 1280 -1024 ) 
4 68 69 (-128 1280 -896 ) (-128 1280 -1024 ) (-128 768 -1024 ) (-128 768 -896 ) 
4 69 99 (-192 640 -1024 ) (-256 640 -1024 ) (-256 768 -1024 ) (-192 768 -1024 ) 
4 69 95 (-336 768 -1024 ) (-336 1280 -1024 ) (-128 1280 -1024 ) (-128 768 -1024 ) 
4 69 73 (-336 1280 -1024 ) (-336 768 -1024 ) (-336 768 -896 ) (-336 1280 -896 ) 
4 69 70 (-336 640 -896 ) (-336 640 -1024 ) (-128 640 -1024 ) (-128 640 -896 ) 
4 70 99 (-192 264 -1024 ) (-256 264 -1024 ) (-256 640 -1024 ) (-192 640 -1024 ) 
4 70 71 (-272 264 -1024 ) (-176 264 -1024 ) (-176 264 -916 ) (-272 264 -916 ) 
4 71 72 (-272 248 -1024 ) (-176 248 -1024 ) (-176 248 -916 ) (-272 248 -916 ) 
4 72 192 (-336 0 -1008 ) (-336 0 -1024 ) (-112 0 -1024 ) (-112 0 -1008 ) 
4 72 153 (-336 0 -912 ) (-336 0 -1008 ) (-112 0 -1008 ) (-112 0 -912 ) 
4 72 151 (-112 0 -896 ) (-336 0 -896 ) (-336 0 -912 ) (-112 0 -912 ) 
4 72 105 (-192 0 -1024 ) (-256 0 -1024 ) (-256 248 -1024 ) (-192 248 -1024 ) 
4 72 77 (-336 126 -912 ) (-336 128 -912 ) (-336 128 -1008 ) (-336 126 -1008 ) 
4 72 76 (-336 0 -1008 ) (-336 0 -912 ) (-336 126 -912 ) (-336 126 -1008 ) 
4 72 75 (-336 0 -912 ) (-336 0 -896 ) (-336 128 -896 ) (-336 128 -912 ) 
4 72 81 (-336 128 -1024 ) (-336 0 -1024 ) (-336 0 -1008 ) (-336 128 -1008 ) 
4 72 74 (-336 208 -1024 ) (-336 144 -1024 ) (-336 144 -916 ) (-336 208 -916 ) 
4 73 95 (-336 1280 -1024 ) (-336 768 -1024 ) (-352 768 -1024 ) (-352 1280 -1024 ) 
4 73 82 (-352 1280 -1024 ) (-352 768 -1024 ) (-352 768 -896 ) (-352 1280 -896 ) 
4 74 84 (-352 144 -1008 ) (-352 144 -916 ) (-352 208 -916 ) (-352 208 -1008 ) 
4 74 91 (-352 208 -1024 ) (-352 144 -1024 ) (-352 144 -1008 ) (-352 208 -1008 ) 
4 75 151 (-336 0 -896 ) (-352 0 -896 ) (-352 0 -912 ) (-336 0 -912 ) 
4 75 83 (-352 0 -912 ) (-352 0 -896 ) (-352 128 -896 ) (-352 128 -912 ) 
3 75 80 (-352 30 -912 ) (-352 80 -912 ) (-344 78 -912 ) 
4 75 79 (-352 80 -912 ) (-348 128 -912 ) (-340 128 -912 ) (-344 78 -912 ) 
3 75 78 (-352 80 -912 ) (-352 128 -912 ) (-348 128 -912 ) 
4 75 77 (-340 128 -912 ) (-336 128 -912 ) (-336 126 -912 ) (-344 78 -912 ) 
4 75 76 (-352 0 -912 ) (-352 30 -912 ) (-336 126 -912 ) (-336 0 -912 ) 
4 76 161 (-352 0 -912 ) (-352 0 -1008 ) (-348.666656 0 -1008 ) (-348.666656 0 -912 ) 
4 76 153 (-348.666656 0 -1008 ) (-336 0 -1008 ) (-336 0 -912 ) (-348.666656 0 -912 ) 
4 76 87 (-352 0 -1008 ) (-352 0 -912 ) (-352 30 -912 ) (-352 30 -1008 ) 
4 76 80 (-344 77.992561 -1008 ) (-352 29.996094 -1008 ) (-352 29.996094 -912 ) (-344 77.992561 -912 ) 
4 76 77 (-336 125.996094 -1008 ) (-344 77.992561 -1008 ) (-344 77.992561 -912 ) (-336 125.996094 -912 ) 
4 76 81 (-352 0 -1008 ) (-352 30 -1008 ) (-336 126 -1008 ) (-336 0 -1008 ) 
4 77 79 (-340 128 -1008 ) (-344 78.003845 -1008 ) (-344 78.003853 -912 ) (-340 128 -912 ) 
4 77 81 (-340 128 -1008 ) (-336 128 -1008 ) (-336 126 -1008 ) (-344 78 -1008 ) 
4 78 84 (-352 80 -912 ) (-352 128 -912 ) (-352 128 -1008 ) (-352 80 -1008 ) 
4 78 79 (-352 80.006905 -1008 ) (-348 128 -1008 ) (-348 128 -912 ) (-352 80.006653 -912 ) 
3 78 81 (-352 80 -1008 ) (-352 128 -1008 ) (-348 128 -1008 ) 
4 79 81 (-352 80 -1008 ) (-348 128 -1008 ) (-340 128 -1008 ) (-344 78 -1008 ) 
4 79 80 (-352 80 -1008 ) (-344 78 -1008 ) (-344 78 -912 ) (-352 80 -912 ) 
4 80 89 (-352 30 -912 ) (-352 55 -912 ) (-352 55 -1008 ) (-352 30 -1008 ) 
4 80 86 (-352 55 -912 ) (-352 80 -912 ) (-352 80 -1008 ) (-352 55 -1008 ) 
3 80 81 (-352 30 -1008 ) (-352 80 -1008 ) (-344 78 -1008 ) 
4 81 192 (-352 0 -1008 ) (-352 0 -1024 ) (-336 0 -1024 ) (-336 0 -1008 ) 
4 81 91 (-352 128 -1024 ) (-352 0 -1024 ) (-352 0 -1008 ) (-352 128 -1008 ) 
4 82 95 (-352 1280 -1024 ) (-352 768 -1024 ) (-1280 768 -1024 ) (-1280 1280 -1024 ) 
4 82 93 (-848 768 -1024 ) (-720 768 -1024 ) (-720 768 -896 ) (-848 768 -896 ) 
4 82 94 (-1280 768 -896 ) (-1280 768 -1024 ) (-864 768 -1024 ) (-864 768 -896 ) 
4 82 84 (-352 768 -1008 ) (-352 768 -912 ) (-464 768 -912 ) (-464 768 -1008 ) 
4 82 83 (-352 768 -912 ) (-352 768 -896 ) (-464 768 -896 ) (-464 768 -912 ) 
4 82 91 (-464 768 -1024 ) (-352 768 -1024 ) (-352 768 -1008 ) (-464 768 -1008 ) 
4 83 151 (-352 0 -896 ) (-464 0 -896 ) (-464 0 -912 ) (-352 0 -912 ) 
4 83 92 (-464 256 -912 ) (-464 0 -912 ) (-464 0 -896 ) (-464 256 -896 ) 
4 83 90 (-352 30 -912 ) (-362 0 -912 ) (-365.333344 0 -912 ) (-360 32 -912 ) 
3 83 89 (-352 55 -912 ) (-352 30 -912 ) (-360 32 -912 ) 
3 83 88 (-352 30 -912 ) (-357 0 -912 ) (-362 0 -912 ) 
3 83 87 (-352 30 -912 ) (-352 0 -912 ) (-357 0 -912 ) 
3 83 86 (-352 80 -912 ) (-352 55 -912 ) (-360 32 -912 ) 
3 83 85 (-360 32 -912 ) (-365.333344 0 -912 ) (-371.130402 0 -912 ) 
6 83 84 (-464 0 -912 ) (-464 768 -912 ) (-352 768 -912 ) (-352 80 -912 ) (-360 32 -912 ) (-371.130402 0 -912 ) 
4 84 154 (-464 0 -912 ) (-464 0 -1008 ) (-371.130402 0 -1008 ) (-371.130402 0 -912 ) 
4 84 92 (-464 256 -1008 ) (-464 0 -1008 ) (-464 0 -912 ) (-464 256 -912 ) 
4 84 86 (-360.001282 31.996248 -1008 ) (-352 80.003906 -1008 ) (-352 80 -912 ) (-360 32 -912 ) 
6 84 91 (-464 0 -1008 ) (-464 768 -1008 ) (-352 768 -1008 ) (-352 80 -1008 ) (-360 32 -1008 ) (-371.130402 0 -1008 ) 
4 84 85 (-371.130157 0 -1008 ) (-360 32.001923 -1008 ) (-360 32.001926 -912 ) (-371.130127 0 -912 ) 
4 85 163 (-371.130402 0 -1008 ) (-365.333344 0 -1008 ) (-365.333344 0 -912 ) (-371.130402 0 -912 ) 
4 85 90 (-365.333984 0 -1008 ) (-360.001282 31.996248 -1008 ) (-360 32 -912 ) (-365.333191 0 -912 ) 
3 85 91 (-360 32 -1008 ) (-365.333344 0 -1008 ) (-371.130402 0 -1008 ) 
4 86 89 (-360 32.001926 -912 ) (-360 32.001923 -1008 ) (-352 55 -1008 ) (-352 55 -912 ) 
3 86 91 (-352 80 -1008 ) (-352 55 -1008 ) (-360 32 -1008 ) 
4 87 161 (-357 0 -1008 ) (-352 0 -1008 ) (-352 0 -912 ) (-357 0 -912 ) 
4 87 88 (-352 30.001949 -1008 ) (-357 0 -1008 ) (-357 0 -912 ) (-352 30.001831 -912 ) 
3 87 91 (-352 30 -1008 ) (-352 0 -1008 ) (-357 0 -1008 ) 
4 88 162 (-362 0 -1008 ) (-359 0 -1008 ) (-359 0 -912 ) (-362 0 -912 ) 
4 88 161 (-359 0 -1008 ) (-357 0 -1008 ) (-357 0 -912 ) (-359 0 -912 ) 
4 88 90 (-352 30 -1008 ) (-362 0 -1008 ) (-362 0 -912 ) (-352 30 -912 ) 
3 88 91 (-352 30 -1008 ) (-357 0 -1008 ) (-362 0 -1008 ) 
3 89 91 (-352 55 -1008 ) (-352 30 -1008 ) (-360 32 -1008 ) 
4 89 90 (-360 32 -912 ) (-360 32 -1008 ) (-352 30 -1008 ) (-352 30 -912 ) 
4 90 163 (-365.333344 0 -1008 ) (-362 0 -1008 ) (-362 0 -912 ) (-365.333344 0 -912 ) 
4 90 91 (-352 30 -1008 ) (-362 0 -1008 ) (-365.333344 0 -1008 ) (-360 32 -1008 ) 
4 91 192 (-464 0 -1008 ) (-464 0 -1024 ) (-352 0 -1024 ) (-352 0 -1008 ) 
4 91 92 (-464 256 -1024 ) (-464 0 -1024 ) (-464 0 -1008 ) (-464 256 -1008 ) 
4 92 192 (-720 0 -1008 ) (-720 0 -1024 ) (-464 0 -1024 ) (-464 0 -1008 ) 
4 92 154 (-720 0 -912 ) (-720 0 -1008 ) (-464 0 -1008 ) (-464 0 -912 ) 
4 92 151 (-464 0 -896 ) (-720 0 -896 ) (-720 0 -912 ) (-464 0 -912 ) 
4 92 93 (-720 256 -1024 ) (-720 0 -1024 ) (-720 0 -896 ) (-720 256 -896 ) 
4 93 194 (-720 0 -896 ) (-848 0 -896 ) (-848 0 -1024 ) (-720 0 -1024 ) 
4 94 196 (-864 0 -896 ) (-1280 0 -896 ) (-1280 0 -1024 ) (-864 0 -1024 ) 
4 94 106 (-864 0 -1024 ) (-1280 0 -1024 ) (-1280 248 -1024 ) (-864 248 -1024 ) 
4 94 102 (-1280 248 -1024 ) (-1280 264 -1024 ) (-864 264 -1024 ) (-864 248 -1024 ) 
4 94 100 (-1280 264 -1024 ) (-1280 768 -1024 ) (-864 768 -1024 ) (-864 264 -1024 ) 
4 95 107 (0 1280 -1040 ) (0 768 -1040 ) (-1280 768 -1040 ) (-1280 1280 -1040 ) 
4 95 100 (-1280 768 -1040 ) (-848 768 -1040 ) (-848 768 -1024 ) (-1280 768 -1024 ) 
4 95 99 (-192 768 -1026 ) (-192 768 -1024 ) (-256 768 -1024 ) (-256 768 -1026 ) 
4 95 96 (0 768 -1026 ) (0 768 -1024 ) (-32 768 -1024 ) (-32 768 -1026 ) 
4 97 107 (-96 640 -1040 ) (-96 576 -1040 ) (-112 576 -1040 ) (-112 640 -1040 ) 
4 98 107 (-96 448 -1040 ) (-96 264 -1040 ) (-112 264 -1040 ) (-112 448 -1040 ) 
4 98 101 (-112 264 -1040 ) (-96 264 -1040 ) (-96 264 -1024 ) (-112 264 -1024 ) 
4 100 107 (-1280 768 -1040 ) (-848 768 -1040 ) (-848 264 -1040 ) (-1280 264 -1040 ) 
4 100 102 (-1280 264 -1040 ) (-848 264 -1040 ) (-848 264 -1024 ) (-1280 264 -1024 ) 
4 101 107 (-112 264 -1040 ) (-48 264 -1040 ) (-48 248 -1040 ) (-112 248 -1040 ) 
4 101 104 (-112 248 -1040 ) (-96 248 -1040 ) (-96 248 -1024 ) (-112 248 -1024 ) 
4 102 107 (-1280 264 -1040 ) (-848 264 -1040 ) (-848 248 -1040 ) (-1280 248 -1040 ) 
4 102 106 (-1280 248 -1040 ) (-848 248 -1040 ) (-848 248 -1024 ) (-1280 248 -1024 ) 
4 103 254 (0 0 -1026 ) (0 0 -1024 ) (-32 0 -1024 ) (-32 0 -1026 ) 
4 104 107 (-112 64 -1040 ) (-112 248 -1040 ) (-96 248 -1040 ) (-96 64 -1040 ) 
4 105 256 (-192 0 -1024 ) (-256 0 -1024 ) (-256 0 -1026 ) (-192 0 -1026 ) 
4 106 257 (-848 0 -1024 ) (-1280 0 -1024 ) (-1280 0 -1040 ) (-848 0 -1040 ) 
4 106 107 (-848 0 -1040 ) (-1280 0 -1040 ) (-1280 248 -1040 ) (-848 248 -1040 ) 
4 107 269 (0 0 -1088 ) (0 0 -1040 ) (-1280 0 -1040 ) (-1280 0 -1088 ) 
4 108 134 (0 0 -640 ) (0 0 -880 ) (0 -1024 -880 ) (0 -1024 -640 ) 
4 108 116 (0 -1024 -880 ) (0 -256 -880 ) (336 -256 -880 ) (336 -1024 -880 ) 
4 108 113 (400 -256 -880 ) (400 -1024 -880 ) (336 -1024 -880 ) (336 -256 -880 ) 
4 108 110 (496 -256 -880 ) (496 -1024 -880 ) (400 -1024 -880 ) (400 -256 -880 ) 
4 108 109 (496 0 -880 ) (512 0 -880 ) (512 -1024 -880 ) (496 -1024 -880 ) 
4 109 119 (512 -272 -896 ) (512 -1024 -896 ) (496 -1024 -896 ) (496 -272 -896 ) 
4 109 118 (512 -256 -896 ) (512 -272 -896 ) (496 -272 -896 ) (496 -256 -896 ) 
4 109 110 (496 -256 -896 ) (496 -1024 -896 ) (496 -1024 -880 ) (496 -256 -880 ) 
4 110 119 (496 -272 -896 ) (496 -1024 -896 ) (400 -1024 -896 ) (400 -272 -896 ) 
4 110 113 (400 -256 -896 ) (400 -1024 -896 ) (400 -1024 -880 ) (400 -256 -880 ) 
4 111 117 (336 0 -896 ) (400 0 -896 ) (400 -16 -896 ) (336 -16 -896 ) 
4 112 117 (400 -112 -896 ) (400 -144 -896 ) (336 -144 -896 ) (336 -112 -896 ) 
4 113 119 (400 -272 -896 ) (400 -1024 -896 ) (336 -1024 -896 ) (336 -272 -896 ) 
4 113 116 (336 -256 -896 ) (336 -1024 -896 ) (336 -1024 -880 ) (336 -256 -880 ) 
4 114 117 (208 0 -896 ) (272 0 -896 ) (272 -16 -896 ) (208 -16 -896 ) 
4 115 135 (0 -96 -896 ) (0 -160 -896 ) (0 -160 -888 ) (0 -96 -888 ) 
4 115 125 (0 -160 -896 ) (0 -128 -896 ) (16 -128 -896 ) (16 -160 -896 ) 
4 115 121 (0 -128 -896 ) (0 -96 -896 ) (16 -96 -896 ) (16 -128 -896 ) 
4 116 136 (0 -256 -896 ) (0 -1024 -896 ) (0 -1024 -880 ) (0 -256 -880 ) 
4 116 124 (96 -256 -896 ) (112 -256 -896 ) (112 -1024 -896 ) (96 -1024 -896 ) 
4 116 125 (0 -1024 -896 ) (0 -256 -896 ) (96 -256 -896 ) (96 -1024 -896 ) 
4 116 119 (336 -272 -896 ) (336 -1024 -896 ) (112 -1024 -896 ) (112 -272 -896 ) 
4 117 128 (448 -80 -1024 ) (448 -208 -1024 ) (288 -208 -1024 ) (288 -80 -1024 ) 
4 117 127 (160 0 -1024 ) (448 0 -1024 ) (448 -80 -1024 ) (160 -80 -1024 ) 
4 117 122 (112 -64 -1024 ) (112 -128 -1024 ) (112 -128 -916 ) (112 -64 -916 ) 
4 118 132 (496 -256 -1024 ) (512 -256 -1024 ) (512 -272 -1024 ) (496 -272 -1024 ) 
4 118 119 (496 -272 -1024 ) (512 -272 -1024 ) (512 -272 -896 ) (496 -272 -896 ) 
4 119 132 (112 -1024 -1024 ) (112 -272 -1024 ) (512 -272 -1024 ) (512 -1024 -1024 ) 
4 119 124 (112 -272 -1024 ) (112 -1024 -1024 ) (112 -1024 -896 ) (112 -272 -896 ) 
4 120 148 (0 0 -896 ) (0 0 -1024 ) (0 -64 -1024 ) (0 -64 -896 ) 
4 120 131 (0 -64 -1024 ) (0 0 -1024 ) (32 0 -1024 ) (32 -64 -1024 ) 
4 120 123 (0 -64 -1024 ) (96 -64 -1024 ) (96 -64 -916 ) (0 -64 -916 ) 
4 120 121 (96 -64 -916 ) (96 -64 -896 ) (0 -64 -896 ) (0 -64 -916 ) 
4 121 148 (0 -128 -916 ) (0 -128 -896 ) (0 -64 -896 ) (0 -64 -916 ) 
4 121 125 (96 -128 -896 ) (0 -128 -896 ) (0 -128 -916 ) (96 -128 -916 ) 
4 121 123 (96 -128 -916 ) (0 -128 -916 ) (0 -64 -916 ) (96 -64 -916 ) 
4 122 123 (96 -128 -1024 ) (96 -128 -916 ) (96 -64 -916 ) (96 -64 -1024 ) 
4 123 148 (0 -64 -1024 ) (0 -128 -1024 ) (0 -128 -916 ) (0 -64 -916 ) 
4 123 131 (0 -128 -1024 ) (0 -64 -1024 ) (32 -64 -1024 ) (32 -128 -1024 ) 
4 123 125 (0 -128 -1024 ) (96 -128 -1024 ) (96 -128 -916 ) (0 -128 -916 ) 
4 124 132 (112 -256 -1024 ) (112 -1024 -1024 ) (96 -1024 -1024 ) (96 -256 -1024 ) 
4 124 125 (96 -256 -1024 ) (96 -1024 -1024 ) (96 -1024 -896 ) (96 -256 -896 ) 
4 125 197 (0 -256 -1024 ) (0 -1024 -1024 ) (0 -1024 -896 ) (0 -256 -896 ) 
4 125 148 (0 -128 -1024 ) (0 -256 -1024 ) (0 -256 -896 ) (0 -128 -896 ) 
4 125 132 (0 -1024 -1024 ) (0 -256 -1024 ) (96 -256 -1024 ) (96 -1024 -1024 ) 
4 125 131 (0 -256 -1024 ) (0 -128 -1024 ) (32 -128 -1024 ) (32 -256 -1024 ) 
4 126 133 (496 0 -1040 ) (512 0 -1040 ) (512 -256 -1040 ) (496 -256 -1040 ) 
4 126 132 (496 -256 -1040 ) (512 -256 -1040 ) (512 -256 -1024 ) (496 -256 -1024 ) 
4 127 128 (288 -80 -1026 ) (448 -80 -1026 ) (448 -80 -1024 ) (288 -80 -1024 ) 
4 129 133 (96 0 -1040 ) (112 0 -1040 ) (112 -64 -1040 ) (96 -64 -1040 ) 
4 130 133 (112 -128 -1040 ) (112 -256 -1040 ) (96 -256 -1040 ) (96 -128 -1040 ) 
4 130 132 (96 -256 -1040 ) (112 -256 -1040 ) (112 -256 -1024 ) (96 -256 -1024 ) 
4 131 254 (0 0 -1024 ) (0 0 -1026 ) (0 -256 -1026 ) (0 -256 -1024 ) 
4 131 132 (32 -256 -1026 ) (32 -256 -1024 ) (0 -256 -1024 ) (0 -256 -1026 ) 
4 132 258 (0 -256 -1040 ) (0 -1024 -1040 ) (0 -1024 -1024 ) (0 -256 -1024 ) 
4 132 133 (0 -1024 -1040 ) (0 -256 -1040 ) (512 -256 -1040 ) (512 -1024 -1040 ) 
4 133 269 (0 0 -1040 ) (0 0 -1088 ) (0 -1024 -1088 ) (0 -1024 -1040 ) 
4 134 147 (-1280 -1024 -880 ) (-1280 0 -880 ) (-848 0 -880 ) (-848 -1024 -880 ) 
4 134 146 (-752 -992 -880 ) (-752 -1024 -880 ) (-848 -1024 -880 ) (-848 -992 -880 ) 
4 134 145 (-688 -992 -880 ) (-688 -1024 -880 ) (-752 -1024 -880 ) (-752 -992 -880 ) 
4 134 143 (-496 -992 -880 ) (-496 -1024 -880 ) (-688 -1024 -880 ) (-688 -992 -880 ) 
4 134 142 (-432 -992 -880 ) (-432 -1024 -880 ) (-496 -1024 -880 ) (-496 -992 -880 ) 
4 134 140 (-112 -992 -880 ) (-112 -1024 -880 ) (-432 -1024 -880 ) (-432 -992 -880 ) 
4 134 136 (0 -256 -880 ) (0 -1024 -880 ) (-112 -1024 -880 ) (-112 -256 -880 ) 
4 135 148 (0 -96 -896 ) (0 -160 -896 ) (-16 -160 -896 ) (-16 -96 -896 ) 
4 136 253 (-96 -1024 -896 ) (-112 -1024 -896 ) (-112 -992 -896 ) (-96 -992 -896 ) 
4 136 251 (-112 -992 -896 ) (-112 -608 -896 ) (-96 -608 -896 ) (-96 -992 -896 ) 
4 136 202 (-112 -496 -896 ) (-112 -480 -896 ) (-96 -480 -896 ) (-96 -496 -896 ) 
4 136 204 (-112 -608 -896 ) (-112 -496 -896 ) (-96 -496 -896 ) (-96 -608 -896 ) 
4 136 200 (-112 -432 -896 ) (-112 -304 -896 ) (-96 -304 -896 ) (-96 -432 -896 ) 
4 136 198 (-96 -304 -896 ) (-96 -256 -896 ) (-80 -256 -896 ) (-80 -304 -896 ) 
4 136 199 (-80 -1024 -896 ) (-96 -1024 -896 ) (-96 -432 -896 ) (-80 -432 -896 ) 
4 136 197 (0 -256 -896 ) (0 -1024 -896 ) (-80 -1024 -896 ) (-80 -256 -896 ) 
4 136 140 (-112 -992 -896 ) (-112 -1024 -896 ) (-112 -1024 -880 ) (-112 -992 -880 ) 
4 137 152 (-208 -160 -896 ) (-240 -160 -896 ) (-240 -128 -896 ) (-208 -128 -896 ) 
4 137 151 (-240 -128 -896 ) (-240 -96 -896 ) (-208 -96 -896 ) (-208 -128 -896 ) 
4 138 251 (-208 -640 -896 ) (-240 -640 -896 ) (-240 -608 -896 ) (-208 -608 -896 ) 
4 138 204 (-240 -608 -896 ) (-240 -576 -896 ) (-208 -576 -896 ) (-208 -608 -896 ) 
4 139 251 (-208 -896 -896 ) (-240 -896 -896 ) (-240 -832 -896 ) (-208 -832 -896 ) 
4 140 253 (-112 -992 -896 ) (-112 -1024 -896 ) (-432 -1024 -896 ) (-432 -992 -896 ) 
4 140 142 (-432 -992 -896 ) (-432 -1024 -896 ) (-432 -1024 -880 ) (-432 -992 -880 ) 
4 141 201 (-432 -352 -896 ) (-432 -384 -896 ) (-496 -384 -896 ) (-496 -352 -896 ) 
4 142 253 (-432 -992 -896 ) (-432 -1024 -896 ) (-496 -1024 -896 ) (-496 -992 -896 ) 
4 142 143 (-496 -992 -896 ) (-496 -1024 -896 ) (-496 -1024 -880 ) (-496 -992 -880 ) 
4 143 253 (-496 -992 -896 ) (-496 -1024 -896 ) (-688 -1024 -896 ) (-688 -992 -896 ) 
4 143 145 (-688 -992 -896 ) (-688 -1024 -896 ) (-688 -1024 -880 ) (-688 -992 -880 ) 
4 144 201 (-688 -352 -896 ) (-688 -384 -896 ) (-752 -384 -896 ) (-752 -352 -896 ) 
4 145 253 (-688 -992 -896 ) (-688 -1024 -896 ) (-752 -1024 -896 ) (-752 -992 -896 ) 
4 145 146 (-752 -992 -896 ) (-752 -1024 -896 ) (-752 -1024 -880 ) (-752 -992 -880 ) 
4 146 253 (-752 -992 -896 ) (-752 -1024 -896 ) (-848 -1024 -896 ) (-848 -992 -896 ) 
4 146 147 (-848 -992 -896 ) (-848 -1024 -896 ) (-848 -1024 -880 ) (-848 -992 -880 ) 
4 147 253 (-848 -992 -896 ) (-848 -1024 -896 ) (-1280 -1024 -896 ) (-1280 -992 -896 ) 
4 147 252 (-848 -608 -896 ) (-848 -992 -896 ) (-1280 -992 -896 ) (-1280 -608 -896 ) 
4 147 203 (-848 -480 -896 ) (-848 -496 -896 ) (-1280 -496 -896 ) (-1280 -480 -896 ) 
4 147 204 (-848 -496 -896 ) (-848 -608 -896 ) (-1280 -608 -896 ) (-1280 -496 -896 ) 
4 147 201 (-848 -256 -896 ) (-848 -480 -896 ) (-1280 -480 -896 ) (-1280 -256 -896 ) 
4 147 195 (-848 -240 -896 ) (-848 -256 -896 ) (-864 -256 -896 ) (-864 -240 -896 ) 
4 147 196 (-1280 0 -896 ) (-864 0 -896 ) (-864 -256 -896 ) (-1280 -256 -896 ) 
4 148 254 (-32 0 -1024 ) (0 0 -1024 ) (0 -256 -1024 ) (-32 -256 -1024 ) 
4 148 198 (-96 -256 -1024 ) (-80 -256 -1024 ) (-80 -256 -896 ) (-96 -256 -896 ) 
4 148 197 (-80 -256 -1024 ) (0 -256 -1024 ) (0 -256 -896 ) (-80 -256 -896 ) 
4 148 149 (-96 0 -1024 ) (-96 -48 -1024 ) (-96 -48 -916 ) (-96 0 -916 ) 
4 148 150 (-96 -128 -1024 ) (-96 -256 -1024 ) (-96 -256 -896 ) (-96 -128 -896 ) 
4 149 192 (-112 0 -1024 ) (-112 -48 -1024 ) (-112 -48 -1008 ) (-112 0 -1008 ) 
4 149 153 (-112 -48 -1008 ) (-112 -48 -916 ) (-112 0 -916 ) (-112 0 -1008 ) 
4 151 194 (-720 -128 -896 ) (-720 0 -896 ) (-720 0 -912 ) (-720 -128 -912 ) 
3 151 165 (-390 -62 -912 ) (-395.636292 -70.454468 -912 ) (-392.296265 -60.851868 -912 ) 
4 151 164 (-368 -18 -912 ) (-390 -62 -912 ) (-392.296265 -60.851868 -912 ) (-376 -14 -912 ) 
4 151 163 (-371.130402 0 -912 ) (-362 0 -912 ) (-368 -18 -912 ) (-376 -14 -912 ) 
3 151 162 (-362 0 -912 ) (-359 0 -912 ) (-368 -18 -912 ) 
3 151 161 (-359 0 -912 ) (-348.666656 0 -912 ) (-390 -62 -912 ) 
4 151 160 (-418 -104 -912 ) (-440.666687 -128 -912 ) (-443.500000 -128 -912 ) (-424 -98 -912 ) 
5 151 159 (-392.296265 -60.851868 -912 ) (-395.636292 -70.454468 -912 ) (-418 -104 -912 ) (-424 -98 -912 ) (-398 -58 -912 ) 
3 151 158 (-383.597046 -35.841610 -912 ) (-392.296265 -60.851868 -912 ) (-398 -58 -912 ) 
3 151 157 (-418 -104 -912 ) (-434 -128 -912 ) (-440.666687 -128 -912 ) 
3 151 155 (-376 -14 -912 ) (-383.597046 -35.841610 -912 ) (-398 -58 -912 ) 
7 151 154 (-720 -128 -912 ) (-720 0 -912 ) (-371.130402 0 -912 ) (-376 -14 -912 ) (-398 -58 -912 ) (-424 -98 -912 ) (-449.263184 -128 -912 ) 
3 151 156 (-424 -98 -912 ) (-443.500000 -128 -912 ) (-449.263184 -128 -912 ) 
4 151 153 (-348.666656 0 -912 ) (-112 0 -912 ) (-112 -128 -912 ) (-434 -128 -912 ) 
4 151 152 (-720 -128 -896 ) (-720 -128 -912 ) (-128 -128 -912 ) (-128 -128 -896 ) 
4 152 201 (-128 -256 -896 ) (-720 -256 -896 ) (-720 -256 -912 ) (-128 -256 -912 ) 
4 152 194 (-720 -240 -896 ) (-720 -128 -896 ) (-720 -128 -912 ) (-720 -240 -912 ) 
4 152 191 (-720 -252 -912 ) (-720 -248 -912 ) (-672 -240 -912 ) (-670 -248 -912 ) 
4 152 190 (-672 -240 -912 ) (-623.020447 -235.918365 -912 ) (-622 -240 -912 ) (-670 -248 -912 ) 
4 152 189 (-623.020447 -235.918365 -912 ) (-605.292480 -234.441040 -912 ) (-621.938721 -239.989777 -912 ) (-622 -240 -912 ) 
4 152 188 (-720 -256 -912 ) (-720 -252 -912 ) (-670 -248 -912 ) (-718 -256 -912 ) 
3 152 187 (-720 -248 -912 ) (-720 -244 -912 ) (-672 -240 -912 ) 
3 152 186 (-621.938721 -239.989777 -912 ) (-669.969421 -256 -912 ) (-718 -256 -912 ) 
3 152 185 (-452 -140 -912 ) (-488 -174 -912 ) (-456 -136 -912 ) 
4 152 184 (-446.499969 -128 -912 ) (-440.666687 -128 -912 ) (-452 -140 -912 ) (-456 -136 -912 ) 
4 152 182 (-488 -174 -912 ) (-530 -202 -912 ) (-531.296265 -199.407425 -912 ) (-494 -168 -912 ) 
3 152 181 (-488 -174 -912 ) (-494 -168 -912 ) (-456 -136 -912 ) 
3 152 183 (-530 -202 -912 ) (-540.769165 -207.384583 -912 ) (-531.296265 -199.407425 -912 ) 
3 152 180 (-488 -174 -912 ) (-503.750000 -188.875000 -912 ) (-530 -202 -912 ) 
3 152 179 (-452 -140 -912 ) (-493.157898 -183.578949 -912 ) (-503.750000 -188.875000 -912 ) 
3 152 178 (-440.666687 -128 -912 ) (-382 -128 -912 ) (-493.157898 -183.578949 -912 ) 
5 152 177 (-574 -224 -912 ) (-574.061279 -224.030640 -912 ) (-605.292480 -234.441040 -912 ) (-616.799927 -235.399994 -912 ) (-578 -216 -912 ) 
5 152 176 (-531.296265 -199.407425 -912 ) (-540.769165 -207.384583 -912 ) (-574 -224 -912 ) (-578 -216 -912 ) (-534 -194 -912 ) 
3 152 175 (-511.538452 -182.769257 -912 ) (-531.296265 -199.407425 -912 ) (-534 -194 -912 ) 
3 152 173 (-623.020447 -235.918365 -912 ) (-639.123291 -237.260269 -912 ) (-624 -232 -912 ) 
4 152 172 (-603 -228.499969 -912 ) (-616.799927 -235.399994 -912 ) (-623.020447 -235.918365 -912 ) (-624 -232 -912 ) 
3 152 171 (-639.123291 -237.260269 -912 ) (-672 -240 -912 ) (-624 -232 -912 ) 
3 152 169 (-578 -216 -912 ) (-603 -228.499969 -912 ) (-624 -232 -912 ) 
9 152 168 (-720 -244 -912 ) (-720 -128 -912 ) (-449.263184 -128 -912 ) (-456 -136 -912 ) (-494 -168 -912 ) (-534 -194 -912 ) (-578 -216 -912 ) (-624 -232 -912 ) (-672 -240 -912 ) 
3 152 170 (-494 -168 -912 ) (-511.538452 -182.769257 -912 ) (-534 -194 -912 ) 
3 152 174 (-449.263184 -128 -912 ) (-446.499969 -128 -912 ) (-456 -136 -912 ) 
3 152 167 (-382 -128 -912 ) (-285.969421 -128 -912 ) (-574.061279 -224.030640 -912 ) 
4 152 166 (-285.969421 -128 -912 ) (-128 -128 -912 ) (-128 -256 -912 ) (-669.969421 -256 -912 ) 
4 153 192 (-348.666656 0 -1008 ) (-112 0 -1008 ) (-112 -128 -1008 ) (-434 -128 -1008 ) 
4 153 178 (-434 -128 -1008 ) (-382 -128 -1008 ) (-382 -128 -912 ) (-434 -128 -912 ) 
4 153 167 (-382 -128 -1008 ) (-285.969421 -128 -1008 ) (-285.969421 -128 -912 ) (-382 -128 -912 ) 
4 153 166 (-285.969421 -128 -1008 ) (-128 -128 -1008 ) (-128 -128 -912 ) (-285.969421 -128 -912 ) 
4 153 165 (-390 -62 -1008 ) (-395.636292 -70.454422 -1008 ) (-395.636292 -70.454468 -912 ) (-390 -62 -912 ) 
4 153 161 (-348.666687 0 -1008 ) (-390 -62 -1008 ) (-390 -62 -912 ) (-348.666656 0 -912 ) 
4 153 159 (-395.636292 -70.454422 -1008 ) (-418 -104 -1008 ) (-418 -104 -912 ) (-395.636292 -70.454468 -912 ) 
4 153 157 (-418 -104 -1008 ) (-434 -128 -1008 ) (-434 -128 -912 ) (-418 -104 -912 ) 
4 154 194 (-720 -128 -912 ) (-720 0 -912 ) (-720 0 -1008 ) (-720 -128 -1008 ) 
7 154 192 (-720 -128 -1008 ) (-720 0 -1008 ) (-371.130402 0 -1008 ) (-376 -14 -1008 ) (-398 -58 -1008 ) (-424 -98 -1008 ) (-449.263184 -128 -1008 ) 
4 154 168 (-720 -128 -1008 ) (-449.263184 -128 -1008 ) (-449.263184 -128 -912 ) (-720 -128 -912 ) 
4 154 163 (-375.997223 -13.994379 -1008 ) (-371.129608 0 -1008 ) (-371.129578 0 -912 ) (-375.997223 -13.994443 -912 ) 
4 154 159 (-423.993805 -97.992615 -1008 ) (-398.004669 -58.009319 -1008 ) (-398.004669 -58.009315 -912 ) (-423.993805 -97.992615 -912 ) 
4 154 156 (-449.264099 -128 -912 ) (-449.264099 -128 -1008 ) (-423.996094 -97.994110 -1008 ) (-423.996094 -97.994110 -912 ) 
4 154 155 (-398 -58 -912 ) (-398 -58 -1008 ) (-376 -14 -1008 ) (-376 -14 -912 ) 
3 155 192 (-376 -14 -1008 ) (-383.597046 -35.841610 -1008 ) (-398 -58 -1008 ) 
4 155 164 (-383.595337 -35.838974 -1008 ) (-375.997223 -13.994379 -1008 ) (-375.997223 -13.994443 -912 ) (-383.595306 -35.838913 -912 ) 
4 155 158 (-398.004669 -58.009319 -1008 ) (-383.599579 -35.847656 -1008 ) (-383.599579 -35.847656 -912 ) (-398.004669 -58.009315 -912 ) 
3 156 192 (-424 -98 -1008 ) (-443.500000 -128 -1008 ) (-449.263184 -128 -1008 ) 
4 156 184 (-446.499969 -128 -1008 ) (-443.500000 -128 -1008 ) (-443.500000 -128 -912 ) (-446.499969 -128 -912 ) 
4 156 174 (-449.263184 -128 -1008 ) (-446.499969 -128 -1008 ) (-446.499969 -128 -912 ) (-449.263184 -128 -912 ) 
4 156 160 (-443.498596 -128 -912 ) (-443.498596 -128 -1008 ) (-423.993805 -97.992615 -1008 ) (-423.993805 -97.992615 -912 ) 
3 157 192 (-418 -104 -1008 ) (-434 -128 -1008 ) (-440.666687 -128 -1008 ) 
4 157 178 (-440.666687 -128 -1008 ) (-434 -128 -1008 ) (-434 -128 -912 ) (-440.666687 -128 -912 ) 
4 157 160 (-417.990082 -103.985123 -912 ) (-417.990082 -103.985123 -1008 ) (-440.670959 -128 -1008 ) (-440.670959 -128 -912 ) 
3 158 192 (-383.597046 -35.841610 -1008 ) (-392.296265 -60.851868 -1008 ) (-398 -58 -1008 ) 
4 158 164 (-392.295593 -60.852192 -1008 ) (-383.595337 -35.838974 -1008 ) (-383.595306 -35.838913 -912 ) (-392.295593 -60.852192 -912 ) 
4 158 159 (-398 -58 -912 ) (-398 -58 -1008 ) (-392.296265 -60.851860 -1008 ) (-392.296265 -60.851860 -912 ) 
5 159 192 (-392.296265 -60.851868 -1008 ) (-395.636292 -70.454468 -1008 ) (-418 -104 -1008 ) (-424 -98 -1008 ) (-398 -58 -1008 ) 
4 159 165 (-395.635742 -70.455109 -912 ) (-395.635742 -70.455109 -1008 ) (-392.295593 -60.852192 -1008 ) (-392.295593 -60.852192 -912 ) 
4 159 160 (-424 -98 -912 ) (-424 -98 -1008 ) (-418 -104 -1008 ) (-418 -104 -912 ) 
4 160 192 (-418 -104 -1008 ) (-440.666687 -128 -1008 ) (-443.500000 -128 -1008 ) (-424 -98 -1008 ) 
4 160 184 (-443.500000 -128 -1008 ) (-440.666687 -128 -1008 ) (-440.666687 -128 -912 ) (-443.500000 -128 -912 ) 
3 161 192 (-359 0 -1008 ) (-348.666656 0 -1008 ) (-390 -62 -1008 ) 
4 161 164 (-368 -18 -1008 ) (-390 -62 -1008 ) (-390 -62 -912 ) (-368 -18 -912 ) 
4 161 162 (-359 0 -1008 ) (-368 -18 -1008 ) (-368 -18 -912 ) (-359 0 -912 ) 
3 162 192 (-362 0 -1008 ) (-359 0 -1008 ) (-368 -18 -1008 ) 
4 162 163 (-362 0 -1008 ) (-368.003906 -18.011719 -1008 ) (-368.003906 -18.011719 -912 ) (-362 0 -912 ) 
4 163 192 (-371.130402 0 -1008 ) (-362 0 -1008 ) (-368 -18 -1008 ) (-376 -14 -1008 ) 
4 163 164 (-376 -14 -912 ) (-376 -14 -1008 ) (-368.001923 -18 -1008 ) (-368.001923 -18 -912 ) 
4 164 192 (-368 -18 -1008 ) (-390 -62 -1008 ) (-392.296265 -60.851868 -1008 ) (-376 -14 -1008 ) 
4 164 165 (-392.296600 -60.851711 -912 ) (-392.296600 -60.851711 -1008 ) (-390 -62 -1008 ) (-390 -62 -912 ) 
3 165 192 (-390 -62 -1008 ) (-395.636292 -70.454468 -1008 ) (-392.296265 -60.851868 -1008 ) 
4 166 201 (-128 -256 -912 ) (-669.969421 -256 -912 ) (-669.969421 -256 -1008 ) (-128 -256 -1008 ) 
4 166 193 (-285.969421 -128 -1008 ) (-128 -128 -1008 ) (-128 -256 -1008 ) (-669.969421 -256 -1008 ) 
4 166 189 (-605.291626 -234.440948 -1008 ) (-621.937561 -239.989594 -1008 ) (-621.934448 -239.989075 -912 ) (-605.289734 -234.440796 -912 ) 
4 166 186 (-621.937561 -239.989594 -1008 ) (-669.968811 -256 -1008 ) (-669.967041 -256 -912 ) (-621.934448 -239.989075 -912 ) 
4 166 177 (-574.062500 -224.031235 -1008 ) (-605.291626 -234.440948 -1008 ) (-605.289734 -234.440796 -912 ) (-574.065125 -224.032547 -912 ) 
4 166 167 (-285.968750 -128 -912 ) (-285.968750 -128 -1008 ) (-574.062500 -224.031235 -1008 ) (-574.065125 -224.032547 -912 ) 
3 167 193 (-382 -128 -1008 ) (-285.969421 -128 -1008 ) (-574.061279 -224.030640 -1008 ) 
4 167 183 (-530 -202 -1008 ) (-540.769165 -207.384583 -1008 ) (-540.769165 -207.384583 -912 ) (-530 -202 -912 ) 
4 167 180 (-503.749969 -188.874985 -1008 ) (-530 -202 -1008 ) (-530 -202 -912 ) (-503.750000 -188.875000 -912 ) 
4 167 179 (-493.157928 -183.578964 -1008 ) (-503.749969 -188.874985 -1008 ) (-503.750000 -188.875000 -912 ) (-493.157898 -183.578949 -912 ) 
4 167 178 (-382 -128 -912 ) (-382 -128 -1008 ) (-493.157928 -183.578964 -1008 ) (-493.157898 -183.578949 -912 ) 
4 167 176 (-540.769165 -207.384583 -1008 ) (-574.063843 -224.031921 -1008 ) (-574.063843 -224.031921 -912 ) (-540.769165 -207.384583 -912 ) 
4 168 194 (-720 -240 -912 ) (-720 -128 -912 ) (-720 -128 -1008 ) (-720 -240 -1008 ) 
9 168 193 (-720 -244 -1008 ) (-720 -128 -1008 ) (-449.263184 -128 -1008 ) (-456 -136 -1008 ) (-494 -168 -1008 ) (-534 -194 -1008 ) (-578 -216 -1008 ) (-624 -232 -1008 ) (-672 -240 -1008 ) 
4 168 187 (-720 -244 -1008 ) (-671.995789 -240 -1008 ) (-671.997986 -240 -912 ) (-720 -244 -912 ) 
4 168 181 (-493.989899 -167.993439 -1008 ) (-456.005829 -136.006927 -1008 ) (-456.005829 -136.006927 -912 ) (-493.989838 -167.993393 -912 ) 
4 168 176 (-578 -216 -1008 ) (-534 -194 -1008 ) (-534 -194 -912 ) (-578 -216 -912 ) 
4 168 171 (-671.986145 -239.998672 -912 ) (-671.986145 -239.998672 -1008 ) (-624.006042 -232.002106 -1008 ) (-624.006042 -232.002106 -912 ) 
4 168 170 (-534.002930 -194.001480 -912 ) (-534.002930 -194.001480 -1008 ) (-493.998077 -167.998413 -1008 ) (-493.998077 -167.998413 -912 ) 
4 168 174 (-456.006042 -136.003784 -912 ) (-456.006042 -136.003784 -1008 ) (-449.265991 -128 -1008 ) (-449.265991 -128 -912 ) 
4 168 169 (-624.004822 -232 -912 ) (-624.004822 -232 -1008 ) (-577.993164 -215.996597 -1008 ) (-577.993164 -215.996597 -912 ) 
3 169 193 (-578 -216 -1008 ) (-603 -228.499969 -1008 ) (-624 -232 -1008 ) 
4 169 177 (-603 -228.500031 -1008 ) (-578 -216 -1008 ) (-578 -216 -912 ) (-603 -228.500031 -912 ) 
4 169 172 (-624.006042 -232.002106 -1008 ) (-603.004944 -228.501968 -1008 ) (-603.004944 -228.501968 -912 ) (-624.006042 -232.002106 -912 ) 
3 170 193 (-494 -168 -1008 ) (-511.538452 -182.769257 -1008 ) (-534 -194 -1008 ) 
4 170 182 (-511.532928 -182.766464 -1008 ) (-493.989899 -167.993439 -1008 ) (-493.989838 -167.993393 -912 ) (-511.532928 -182.766479 -912 ) 
4 170 175 (-534 -194 -1008 ) (-511.539062 -182.769531 -1008 ) (-511.539062 -182.769531 -912 ) (-534 -194 -912 ) 
3 171 193 (-639.123291 -237.260269 -1008 ) (-672 -240 -1008 ) (-624 -232 -1008 ) 
4 171 190 (-671.995789 -240 -1008 ) (-639.122314 -237.259933 -1008 ) (-639.122681 -237.260056 -912 ) (-671.997986 -240 -912 ) 
4 171 173 (-639.126648 -237.260223 -912 ) (-639.126648 -237.260223 -1008 ) (-624.003906 -232 -1008 ) (-624.003906 -232 -912 ) 
4 172 193 (-603 -228.499969 -1008 ) (-616.799927 -235.399994 -1008 ) (-623.020447 -235.918365 -1008 ) (-624 -232 -1008 ) 
4 172 189 (-623.020447 -235.918167 -1008 ) (-616.799500 -235.399765 -1008 ) (-616.799561 -235.399796 -912 ) (-623.020447 -235.918198 -912 ) 
4 172 177 (-616.798401 -235.399185 -912 ) (-616.798401 -235.399185 -1008 ) (-603 -228.500031 -1008 ) (-603 -228.500031 -912 ) 
4 172 173 (-624 -232 -912 ) (-624 -232 -1008 ) (-623.020447 -235.918350 -1008 ) (-623.020447 -235.918350 -912 ) 
3 173 193 (-623.020447 -235.918365 -1008 ) (-639.123291 -237.260269 -1008 ) (-624 -232 -1008 ) 
4 173 190 (-639.122314 -237.259933 -1008 ) (-623.020447 -235.918167 -1008 ) (-623.020447 -235.918198 -912 ) (-639.122681 -237.260056 -912 ) 
3 174 193 (-449.263184 -128 -1008 ) (-446.499969 -128 -1008 ) (-456 -136 -1008 ) 
4 174 184 (-456.005829 -136.006927 -1008 ) (-446.497589 -128 -1008 ) (-446.497589 -128 -912 ) (-456.005829 -136.006927 -912 ) 
3 175 193 (-511.538452 -182.769257 -1008 ) (-531.296265 -199.407425 -1008 ) (-534 -194 -1008 ) 
4 175 182 (-531.295654 -199.408722 -1008 ) (-511.532928 -182.766464 -1008 ) (-511.532928 -182.766479 -912 ) (-531.295654 -199.408722 -912 ) 
4 175 176 (-534 -194.001923 -912 ) (-534 -194.001923 -1008 ) (-531.296570 -199.406845 -1008 ) (-531.296570 -199.406845 -912 ) 
5 176 193 (-531.296265 -199.407425 -1008 ) (-540.769165 -207.384583 -1008 ) (-574 -224 -1008 ) (-578 -216 -1008 ) (-534 -194 -1008 ) 
4 176 183 (-540.769531 -207.386719 -912 ) (-540.769531 -207.386719 -1008 ) (-531.295654 -199.408722 -1008 ) (-531.295654 -199.408722 -912 ) 
4 176 177 (-578 -216.001923 -912 ) (-578 -216.001923 -1008 ) (-574 -224 -1008 ) (-574 -224 -912 ) 
5 177 193 (-574 -224 -1008 ) (-574.061279 -224.030640 -1008 ) (-605.292480 -234.441040 -1008 ) (-616.799927 -235.399994 -1008 ) (-578 -216 -1008 ) 
4 177 189 (-616.799500 -235.399765 -1008 ) (-605.287109 -234.440430 -1008 ) (-605.287109 -234.440430 -912 ) (-616.799561 -235.399796 -912 ) 
3 178 193 (-440.666687 -128 -1008 ) (-382 -128 -1008 ) (-493.157898 -183.578949 -1008 ) 
4 178 184 (-440.669617 -128 -912 ) (-440.669617 -128 -1008 ) (-452.029358 -140.027740 -1008 ) (-452.029358 -140.027740 -912 ) 
4 178 179 (-452.029358 -140.027740 -1008 ) (-493.163483 -183.580780 -1008 ) (-493.163483 -183.580780 -912 ) (-452.029358 -140.027740 -912 ) 
3 179 193 (-452 -140 -1008 ) (-493.157898 -183.578949 -1008 ) (-503.750000 -188.875000 -1008 ) 
4 179 185 (-452.015625 -140.015625 -912 ) (-452.015625 -140.015625 -1008 ) (-487.993378 -173.995590 -1008 ) (-487.993378 -173.995590 -912 ) 
4 179 180 (-487.993378 -173.995590 -1008 ) (-503.747070 -188.874512 -1008 ) (-503.747070 -188.874512 -912 ) (-487.993378 -173.995590 -912 ) 
3 180 193 (-488 -174 -1008 ) (-503.750000 -188.875000 -1008 ) (-530 -202 -1008 ) 
4 180 182 (-487.998077 -173.996094 -912 ) (-487.998077 -173.996094 -1008 ) (-530.018188 -202.009079 -1008 ) (-530.018188 -202.009079 -912 ) 
3 181 193 (-488 -174 -1008 ) (-494 -168 -1008 ) (-456 -136 -1008 ) 
4 181 185 (-487.996216 -173.998123 -912 ) (-487.996216 -173.998138 -1008 ) (-455.991516 -135.993271 -1008 ) (-455.991486 -135.993256 -912 ) 
4 181 182 (-494 -168 -912 ) (-494 -168 -1008 ) (-488 -174 -1008 ) (-488 -174 -912 ) 
4 182 193 (-488 -174 -1008 ) (-530 -202 -1008 ) (-531.296265 -199.407425 -1008 ) (-494 -168 -1008 ) 
4 182 183 (-531.295593 -199.408813 -912 ) (-531.295593 -199.408813 -1008 ) (-530 -201.998032 -1008 ) (-530 -201.998032 -912 ) 
3 183 193 (-530 -202 -1008 ) (-540.769165 -207.384583 -1008 ) (-531.296265 -199.407425 -1008 ) 
4 184 193 (-446.499969 -128 -1008 ) (-440.666687 -128 -1008 ) (-452 -140 -1008 ) (-456 -136 -1008 ) 
4 184 185 (-456 -136 -912 ) (-456 -136 -1008 ) (-452 -140 -1008 ) (-452 -140 -912 ) 
3 185 193 (-452 -140 -1008 ) (-488 -174 -1008 ) (-456 -136 -1008 ) 
4 186 201 (-669.969421 -256 -912 ) (-718 -256 -912 ) (-718 -256 -1008 ) (-669.969421 -256 -1008 ) 
3 186 193 (-621.938721 -239.989777 -1008 ) (-669.969421 -256 -1008 ) (-718 -256 -1008 ) 
4 186 190 (-621.939148 -239.990356 -912 ) (-621.939148 -239.990356 -1008 ) (-669.994324 -248 -1008 ) (-669.993408 -248 -912 ) 
4 186 188 (-669.994324 -248 -1008 ) (-717.997009 -256 -1008 ) (-717.996094 -256 -912 ) (-669.993408 -248 -912 ) 
3 187 193 (-720 -248 -1008 ) (-720 -244 -1008 ) (-672 -240 -1008 ) 
4 187 191 (-720 -248 -1008 ) (-672 -240 -1008 ) (-672 -240 -912 ) (-720 -248 -912 ) 
4 188 201 (-718 -256 -912 ) (-720 -256 -912 ) (-720 -256 -1008 ) (-718 -256 -1008 ) 
4 188 193 (-720 -256 -1008 ) (-720 -252 -1008 ) (-670 -248 -1008 ) (-718 -256 -1008 ) 
4 188 191 (-669.998352 -248 -912 ) (-669.998352 -248 -1008 ) (-720 -252 -1008 ) (-720 -252 -912 ) 
4 189 193 (-623.020447 -235.918365 -1008 ) (-605.292480 -234.441040 -1008 ) (-621.938721 -239.989777 -1008 ) (-622 -240 -1008 ) 
4 189 190 (-623.020386 -235.918365 -912 ) (-623.020386 -235.918365 -1008 ) (-622 -240 -1008 ) (-622 -240 -912 ) 
4 190 193 (-672 -240 -1008 ) (-623.020447 -235.918365 -1008 ) (-622 -240 -1008 ) (-670 -248 -1008 ) 
4 190 191 (-672 -240.001984 -912 ) (-672 -240.001984 -1008 ) (-670 -248 -1008 ) (-670 -248 -912 ) 
4 191 193 (-720 -252 -1008 ) (-720 -248 -1008 ) (-672 -240 -1008 ) (-670 -248 -1008 ) 
4 192 256 (-256 0 -1024 ) (-192 0 -1024 ) (-192 -128 -1024 ) (-256 -128 -1024 ) 
4 192 194 (-720 0 -1024 ) (-720 -128 -1024 ) (-720 -128 -1008 ) (-720 0 -1008 ) 
4 192 193 (-128 -128 -1008 ) (-720 -128 -1008 ) (-720 -128 -1024 ) (-128 -128 -1024 ) 
4 193 256 (-192 -256 -1024 ) (-256 -256 -1024 ) (-256 -128 -1024 ) (-192 -128 -1024 ) 
4 193 201 (-720 -256 -1024 ) (-128 -256 -1024 ) (-128 -256 -1008 ) (-720 -256 -1008 ) 
4 193 194 (-720 -128 -1024 ) (-720 -240 -1024 ) (-720 -240 -1008 ) (-720 -128 -1008 ) 
4 195 257 (-848 -240 -1024 ) (-848 -256 -1024 ) (-864 -256 -1024 ) (-864 -240 -1024 ) 
4 195 201 (-864 -256 -1024 ) (-848 -256 -1024 ) (-848 -256 -896 ) (-864 -256 -896 ) 
4 195 196 (-864 -240 -1024 ) (-864 -256 -1024 ) (-864 -256 -896 ) (-864 -240 -896 ) 
4 196 257 (-1280 0 -1024 ) (-864 0 -1024 ) (-864 -256 -1024 ) (-1280 -256 -1024 ) 
4 196 201 (-1280 -256 -1024 ) (-864 -256 -1024 ) (-864 -256 -896 ) (-1280 -256 -896 ) 
4 197 258 (-80 -256 -1024 ) (0 -256 -1024 ) (0 -1024 -1024 ) (-80 -1024 -1024 ) 
4 197 198 (-80 -256 -896 ) (-80 -256 -1024 ) (-80 -304 -1024 ) (-80 -304 -896 ) 
4 197 199 (-80 -432 -1024 ) (-80 -1024 -1024 ) (-80 -1024 -896 ) (-80 -432 -896 ) 
4 198 258 (-96 -304 -1024 ) (-96 -256 -1024 ) (-80 -256 -1024 ) (-80 -304 -1024 ) 
4 199 258 (-96 -1024 -1024 ) (-96 -432 -1024 ) (-80 -432 -1024 ) (-80 -1024 -1024 ) 
4 199 253 (-96 -992 -1024 ) (-96 -1024 -1024 ) (-96 -1024 -896 ) (-96 -992 -896 ) 
4 199 251 (-96 -608 -1024 ) (-96 -992 -1024 ) (-96 -992 -896 ) (-96 -608 -896 ) 
4 199 248 (-96 -480 -1024 ) (-96 -496 -1024 ) (-96 -496 -1008 ) (-96 -480 -1008 ) 
4 199 250 (-96 -496 -1024 ) (-96 -608 -1024 ) (-96 -608 -1008 ) (-96 -496 -1008 ) 
4 199 205 (-96 -608 -1008 ) (-96 -608 -912 ) (-96 -480 -912 ) (-96 -480 -1008 ) 
4 199 202 (-96 -496 -896 ) (-96 -480 -896 ) (-96 -480 -912 ) (-96 -496 -912 ) 
4 199 204 (-96 -608 -912 ) (-96 -608 -896 ) (-96 -496 -896 ) (-96 -496 -912 ) 
4 200 201 (-112 -304 -1024 ) (-112 -432 -1024 ) (-112 -432 -896 ) (-112 -304 -896 ) 
4 201 268 (-1280 -480 -1024 ) (-1280 -400 -1024 ) (-848 -400 -1024 ) (-848 -480 -1024 ) 
4 201 265 (-1280 -400 -1024 ) (-1280 -336 -1024 ) (-256 -336 -1024 ) (-256 -400 -1024 ) 
4 201 264 (-1280 -336 -1024 ) (-1280 -256 -1024 ) (-848 -256 -1024 ) (-848 -336 -1024 ) 
4 201 262 (-256 -256 -1024 ) (-192 -256 -1024 ) (-192 -480 -1024 ) (-256 -480 -1024 ) 
4 201 248 (-752 -480 -1024 ) (-112 -480 -1024 ) (-112 -480 -1008 ) (-752 -480 -1008 ) 
4 201 249 (-1280 -480 -1008 ) (-1280 -480 -1024 ) (-848 -480 -1024 ) (-848 -480 -1008 ) 
4 201 246 (-1280 -480 -912 ) (-1280 -480 -1008 ) (-848 -480 -1008 ) (-848 -480 -912 ) 
4 201 242 (-672 -480 -1008 ) (-480 -480 -1008 ) (-480 -480 -912 ) (-672 -480 -912 ) 
4 201 245 (-752 -480 -1008 ) (-672 -480 -1008 ) (-672 -480 -912 ) (-752 -480 -912 ) 
4 201 223 (-464 -480 -1008 ) (-458 -480 -1008 ) (-458 -480 -912 ) (-464 -480 -912 ) 
4 201 206 (-458 -480 -1008 ) (-376.666656 -480 -1008 ) (-376.666656 -480 -912 ) (-458 -480 -912 ) 
4 201 205 (-376.666656 -480 -1008 ) (-112 -480 -1008 ) (-112 -480 -912 ) (-376.666656 -480 -912 ) 
4 201 241 (-480 -480 -1008 ) (-464 -480 -1008 ) (-464 -480 -912 ) (-480 -480 -912 ) 
4 201 202 (-752 -480 -912 ) (-112 -480 -912 ) (-112 -480 -896 ) (-752 -480 -896 ) 
4 201 203 (-1280 -480 -896 ) (-1280 -480 -912 ) (-848 -480 -912 ) (-848 -480 -896 ) 
4 202 243 (-480 -484 -912 ) (-480 -492 -912 ) (-672 -492 -912 ) (-672 -484 -912 ) 
4 202 242 (-672 -480 -912 ) (-480 -480 -912 ) (-480 -484 -912 ) (-672 -484 -912 ) 
4 202 244 (-480 -492 -912 ) (-480 -496 -912 ) (-672 -496 -912 ) (-672 -492 -912 ) 
4 202 245 (-752 -480 -912 ) (-672 -480 -912 ) (-672 -496 -912 ) (-752 -496 -912 ) 
3 202 228 (-416 -494 -912 ) (-412 -496 -912 ) (-417.333282 -496 -912 ) 
6 202 227 (-440 -486 -912 ) (-416 -494 -912 ) (-417.333282 -496 -912 ) (-426.666748 -496 -912 ) (-440.443420 -487.733978 -912 ) (-440.009705 -486 -912 ) 
3 202 226 (-440.443420 -487.733978 -912 ) (-443.871002 -485.677429 -912 ) (-440.009705 -486 -912 ) 
4 202 225 (-426.666748 -496 -912 ) (-434.666748 -496 -912 ) (-442.009277 -493.997498 -912 ) (-440.443420 -487.733978 -912 ) 
5 202 224 (-442.009277 -493.997498 -912 ) (-464 -488 -912 ) (-464 -484 -912 ) (-443.871002 -485.677429 -912 ) (-440.443420 -487.733978 -912 ) 
4 202 223 (-464 -480 -912 ) (-458 -480 -912 ) (-440 -486 -912 ) (-464 -484 -912 ) 
3 202 222 (-416 -494 -912 ) (-410 -496 -912 ) (-412 -496 -912 ) 
4 202 209 (-434.666748 -496 -912 ) (-464 -496 -912 ) (-464 -492 -912 ) (-442 -494 -912 ) 
3 202 214 (-464 -492 -912 ) (-464 -488 -912 ) (-442 -494 -912 ) 
4 202 206 (-458 -480 -912 ) (-376.666656 -480 -912 ) (-371.333344 -496 -912 ) (-410 -496 -912 ) 
4 202 205 (-376.666656 -480 -912 ) (-96 -480 -912 ) (-96 -496 -912 ) (-371.333344 -496 -912 ) 
4 202 241 (-480 -480 -912 ) (-464 -480 -912 ) (-464 -496 -912 ) (-480 -496 -912 ) 
4 202 204 (-752 -496 -912 ) (-96 -496 -912 ) (-96 -496 -896 ) (-752 -496 -896 ) 
4 203 246 (-1280 -496 -912 ) (-1280 -480 -912 ) (-848 -480 -912 ) (-848 -496 -912 ) 
4 203 204 (-1280 -496 -896 ) (-1280 -496 -912 ) (-848 -496 -912 ) (-848 -496 -896 ) 
4 204 251 (-336 -608 -912 ) (-96 -608 -912 ) (-96 -608 -896 ) (-336 -608 -896 ) 
4 204 252 (-1280 -608 -896 ) (-1280 -608 -912 ) (-352 -608 -912 ) (-352 -608 -896 ) 
4 204 247 (-752 -608 -912 ) (-1280 -608 -912 ) (-1280 -496 -912 ) (-752 -496 -912 ) 
4 204 244 (-480 -608 -912 ) (-672 -608 -912 ) (-672 -496 -912 ) (-480 -496 -912 ) 
4 204 245 (-672 -608 -912 ) (-752 -608 -912 ) (-752 -496 -912 ) (-672 -496 -912 ) 
3 204 240 (-350 -560 -912 ) (-345.833344 -572.499939 -912 ) (-353.658508 -562.439026 -912 ) 
4 204 239 (-350 -560 -912 ) (-353.658508 -562.439026 -912 ) (-367.996094 -544.005005 -912 ) (-359.997223 -540.005554 -912 ) 
3 204 238 (-380 -524 -912 ) (-388.307770 -510.153748 -912 ) (-376 -520 -912 ) 
6 204 237 (-367.996094 -544.005005 -912 ) (-368 -544 -912 ) (-380 -524 -912 ) (-376 -520 -912 ) (-360 -540 -912 ) (-359.997223 -540.005554 -912 ) 
3 204 236 (-354.285706 -547.142883 -912 ) (-350 -560 -912 ) (-360 -540 -912 ) 
3 204 235 (-358.727264 -533.818176 -912 ) (-354.285706 -547.142883 -912 ) (-376 -520 -912 ) 
4 204 234 (-393.500031 -501.500000 -912 ) (-366.500000 -510.500000 -912 ) (-358.727264 -533.818176 -912 ) (-388.307770 -510.153748 -912 ) 
5 204 232 (-345.833344 -572.499939 -912 ) (-342 -584 -912 ) (-343.739105 -584.434814 -912 ) (-356 -564 -912 ) (-353.658508 -562.439026 -912 ) 
3 204 231 (-356 -564 -912 ) (-357.920013 -556.959961 -912 ) (-353.658508 -562.439026 -912 ) 
3 204 233 (-342 -584 -912 ) (-341.677429 -587.870972 -912 ) (-343.739105 -584.434814 -912 ) 
3 204 230 (-356 -564 -912 ) (-368 -544 -912 ) (-357.920013 -556.959961 -912 ) 
3 204 229 (-396 -504 -912 ) (-391.172302 -507.862122 -912 ) (-397.120026 -506.240021 -912 ) 
5 204 228 (-417.333282 -496 -912 ) (-412 -496 -912 ) (-396 -504 -912 ) (-397.120026 -506.240021 -912 ) (-420 -500 -912 ) 
3 204 227 (-426.666748 -496 -912 ) (-417.333282 -496 -912 ) (-420 -500 -912 ) 
3 204 225 (-434.666748 -496 -912 ) (-426.666748 -496 -912 ) (-420 -500 -912 ) 
4 204 222 (-412 -496 -912 ) (-410 -496 -912 ) (-403.142731 -498.285767 -912 ) (-396 -504 -912 ) 
6 204 221 (-397.120026 -506.239990 -912 ) (-391.172302 -507.862122 -912 ) (-388.307800 -510.153717 -912 ) (-380 -524 -912 ) (-382 -526 -912 ) (-397.217407 -506.434753 -912 ) 
3 204 220 (-380 -524 -912 ) (-368 -544 -912 ) (-382 -526 -912 ) 
3 204 219 (-397.435852 -506.153870 -912 ) (-397.120026 -506.239990 -912 ) (-397.217407 -506.434753 -912 ) 
3 204 218 (-397.217407 -506.434753 -912 ) (-386.666626 -520 -912 ) (-400 -512 -912 ) 
4 204 217 (-412.959991 -501.920013 -912 ) (-397.435852 -506.153870 -912 ) (-397.217407 -506.434753 -912 ) (-400 -512 -912 ) 
3 204 216 (-386.666626 -520 -912 ) (-382 -526 -912 ) (-400 -512 -912 ) 
5 204 213 (-340 -608 -912 ) (-344 -608 -912 ) (-350 -586 -912 ) (-343.739136 -584.434814 -912 ) (-341.677429 -587.870972 -912 ) 
3 204 212 (-350 -586 -912 ) (-351.285706 -571.857178 -912 ) (-343.739136 -584.434814 -912 ) 
3 204 211 (-344 -608 -912 ) (-348 -608 -912 ) (-350 -586 -912 ) 
3 204 210 (-356 -564 -912 ) (-351.285706 -571.857178 -912 ) (-350 -586 -912 ) 
10 204 209 (-348 -608 -912 ) (-464 -608 -912 ) (-464 -496 -912 ) (-434.666748 -496 -912 ) (-420 -500 -912 ) (-400 -512 -912 ) (-382 -526 -912 ) (-368 -544 -912 ) (-356 -564 -912 ) (-350 -586 -912 ) 
3 204 215 (-420 -500 -912 ) (-412.959991 -501.920013 -912 ) (-400 -512 -912 ) 
3 204 208 (-403.142731 -498.285767 -912 ) (-393.500031 -501.500000 -912 ) (-388.307800 -510.153717 -912 ) 
3 204 207 (-334 -608 -912 ) (-340 -608 -912 ) (-342 -584 -912 ) 
3 204 206 (-410 -496 -912 ) (-371.333344 -496 -912 ) (-366.500000 -510.500000 -912 ) 
4 204 205 (-96 -608 -912 ) (-334 -608 -912 ) (-371.333344 -496 -912 ) (-96 -496 -912 ) 
4 204 241 (-464 -608 -912 ) (-480 -608 -912 ) (-480 -496 -912 ) (-464 -496 -912 ) 
4 205 251 (-334 -608 -1008 ) (-96 -608 -1008 ) (-96 -608 -912 ) (-334 -608 -912 ) 
4 205 248 (-371.333313 -496 -1008 ) (-376.666656 -480 -1008 ) (-96 -480 -1008 ) (-96 -496 -1008 ) 
4 205 250 (-96 -608 -1008 ) (-334 -608 -1008 ) (-371.333313 -496 -1008 ) (-96 -496 -1008 ) 
4 205 240 (-350.001953 -559.996094 -1008 ) (-345.834473 -572.498535 -1008 ) (-345.836517 -572.495911 -912 ) (-350.005310 -559.989441 -912 ) 
4 205 236 (-354.286804 -547.141541 -1008 ) (-350.001953 -559.996094 -1008 ) (-350.005310 -559.989441 -912 ) (-354.288727 -547.139038 -912 ) 
4 205 235 (-358.728149 -533.817505 -1008 ) (-354.286804 -547.141541 -1008 ) (-354.288727 -547.139038 -912 ) (-358.729614 -533.816284 -912 ) 
4 205 234 (-366.500732 -510.499756 -1008 ) (-358.728149 -533.817505 -1008 ) (-358.729614 -533.816284 -912 ) (-366.501831 -510.499390 -912 ) 
4 205 232 (-345.834473 -572.498535 -1008 ) (-342 -584.002625 -1008 ) (-342 -584.007507 -912 ) (-345.836517 -572.495911 -912 ) 
4 205 207 (-342 -584.002625 -1008 ) (-334 -608 -1008 ) (-334.001953 -608 -912 ) (-342 -584.007507 -912 ) 
4 205 206 (-376.667328 -480 -1008 ) (-366.500732 -510.499756 -1008 ) (-366.501831 -510.499390 -912 ) (-376.668213 -480 -912 ) 
4 206 248 (-458 -480 -1008 ) (-376.666656 -480 -1008 ) (-371.333313 -496 -1008 ) (-410 -496 -1008 ) 
3 206 250 (-371.333313 -496 -1008 ) (-366.499969 -510.500000 -1008 ) (-410 -496 -1008 ) 
4 206 234 (-393.499847 -501.500275 -1008 ) (-366.498016 -510.500977 -1008 ) (-366.498016 -510.500977 -912 ) (-393.499847 -501.500275 -912 ) 
4 206 227 (-440 -486 -1008 ) (-415.998962 -494 -1008 ) (-415.998962 -494 -912 ) (-440 -486 -912 ) 
4 206 223 (-458 -480 -1008 ) (-440 -486 -1008 ) (-440 -486 -912 ) (-458 -480 -912 ) 
4 206 222 (-415.998962 -494 -1008 ) (-403.142456 -498.286041 -1008 ) (-403.142456 -498.286041 -912 ) (-415.998962 -494 -912 ) 
4 206 208 (-403.142456 -498.286041 -1008 ) (-393.499847 -501.500275 -1008 ) (-393.499847 -501.500275 -912 ) (-403.142456 -498.286041 -912 ) 
4 207 251 (-336 -608 -1008 ) (-334 -608 -1008 ) (-334 -608 -912 ) (-336 -608 -912 ) 
3 207 250 (-334 -608 -1008 ) (-340 -608 -1008 ) (-342 -584 -1008 ) 
4 207 233 (-342 -583.997742 -912 ) (-342 -583.997742 -1008 ) (-341.677612 -587.870605 -1008 ) (-341.677582 -587.870667 -912 ) 
4 207 213 (-341.677612 -587.870605 -1008 ) (-340 -608 -1008 ) (-340 -608 -912 ) (-341.677582 -587.870667 -912 ) 
3 208 250 (-403.142822 -498.285706 -1008 ) (-393.499969 -501.500000 -1008 ) (-388.307648 -510.153839 -1008 ) 
4 208 234 (-388.312103 -510.150299 -1008 ) (-393.502411 -501.499847 -1008 ) (-393.502411 -501.499847 -912 ) (-388.312103 -510.150299 -912 ) 
4 208 229 (-395.996613 -504.001709 -1008 ) (-391.171173 -507.862457 -1008 ) (-391.171173 -507.862457 -912 ) (-395.996613 -504.001709 -912 ) 
4 208 222 (-403.140869 -498.285736 -912 ) (-403.140869 -498.285736 -1008 ) (-395.996613 -504.001709 -1008 ) (-395.996613 -504.001709 -912 ) 
4 208 221 (-391.171173 -507.862457 -1008 ) (-388.306610 -510.154327 -1008 ) (-388.306610 -510.154327 -912 ) (-391.171173 -507.862457 -912 ) 
4 209 252 (-464 -608 -1008 ) (-352 -608 -1008 ) (-352 -608 -912 ) (-464 -608 -912 ) 
4 209 248 (-464 -496 -1008 ) (-464 -492 -1008 ) (-442 -494 -1008 ) (-434.666656 -496 -1008 ) 
10 209 250 (-348 -608 -1008 ) (-464 -608 -1008 ) (-464 -496 -1008 ) (-434.666656 -496 -1008 ) (-420 -500 -1008 ) (-400 -512 -1008 ) (-382 -526 -1008 ) (-368 -544 -1008 ) (-356 -564 -1008 ) (-350 -586 -1008 ) 
4 209 230 (-355.998260 -564.006409 -1008 ) (-368.009491 -543.987793 -1008 ) (-368.009491 -543.987793 -912 ) (-355.998260 -564.006409 -912 ) 
4 209 225 (-420 -500 -1008 ) (-442 -494 -1008 ) (-442 -494 -912 ) (-420 -500 -912 ) 
4 209 220 (-368.005859 -543.990234 -912 ) (-368.005859 -543.990234 -1008 ) (-381.995361 -526.003601 -1008 ) (-381.995361 -526.003601 -912 ) 
4 209 216 (-381.994171 -526.003906 -912 ) (-381.994171 -526.003906 -1008 ) (-399.998993 -512 -1008 ) (-399.998993 -512 -912 ) 
4 209 211 (-348 -608 -1008 ) (-350 -586.002441 -1008 ) (-350 -586.002441 -912 ) (-348 -608 -912 ) 
4 209 215 (-399.986298 -512.009766 -912 ) (-399.986298 -512.009766 -1008 ) (-420.003540 -500 -1008 ) (-420.003540 -500 -912 ) 
4 209 241 (-464 -492 -1008 ) (-464 -608 -1008 ) (-464 -608 -912 ) (-464 -492 -912 ) 
4 209 214 (-442.002533 -494 -912 ) (-442.002533 -494 -1008 ) (-464 -492 -1008 ) (-464 -492 -912 ) 
4 209 210 (-350 -586 -912 ) (-350 -586 -1008 ) (-356 -564 -1008 ) (-356 -564 -912 ) 
3 210 250 (-356 -564 -1008 ) (-351.285706 -571.857117 -1008 ) (-350 -586 -1008 ) 
4 210 232 (-351.285370 -571.861145 -1008 ) (-355.998260 -564.006409 -1008 ) (-355.998260 -564.006409 -912 ) (-351.285370 -571.861145 -912 ) 
4 210 212 (-350 -586.002441 -1008 ) (-351.285156 -571.858337 -1008 ) (-351.285156 -571.858337 -912 ) (-350 -586.002441 -912 ) 
3 211 250 (-344 -608 -1008 ) (-348 -608 -1008 ) (-350 -586 -1008 ) 
4 211 213 (-344 -608 -1008 ) (-350 -586 -1008 ) (-350 -586 -912 ) (-344 -608 -912 ) 
3 212 250 (-350 -586 -1008 ) (-351.285706 -571.857117 -1008 ) (-343.739105 -584.434814 -1008 ) 
4 212 232 (-343.740845 -584.435242 -1008 ) (-351.285370 -571.861145 -1008 ) (-351.285370 -571.861145 -912 ) (-343.740845 -584.435242 -912 ) 
4 212 213 (-349.998077 -586 -912 ) (-349.998077 -586 -1008 ) (-343.739136 -584.434753 -1008 ) (-343.739136 -584.434753 -912 ) 
5 213 250 (-340 -608 -1008 ) (-344 -608 -1008 ) (-350 -586 -1008 ) (-343.739105 -584.434814 -1008 ) (-341.677460 -587.870911 -1008 ) 
4 213 233 (-341.675781 -587.876953 -912 ) (-341.675781 -587.876953 -1008 ) (-343.740845 -584.435242 -1008 ) (-343.740845 -584.435242 -912 ) 
3 214 248 (-464 -492 -1008 ) (-464 -488 -1008 ) (-442 -494 -1008 ) 
4 214 224 (-442 -494 -1008 ) (-464 -488 -1008 ) (-464 -488 -912 ) (-442 -494 -912 ) 
4 214 241 (-464 -488 -1008 ) (-464 -492 -1008 ) (-464 -492 -912 ) (-464 -488 -912 ) 
3 215 250 (-420 -500 -1008 ) (-412.959961 -501.920013 -1008 ) (-400 -512 -1008 ) 
4 215 228 (-412.959991 -501.920013 -1008 ) (-420 -500 -1008 ) (-420 -500 -912 ) (-412.959991 -501.920013 -912 ) 
4 215 217 (-399.998993 -512 -1008 ) (-412.959412 -501.920685 -1008 ) (-412.959412 -501.920685 -912 ) (-399.998993 -512 -912 ) 
3 216 250 (-386.666718 -520 -1008 ) (-382 -526 -1008 ) (-400 -512 -1008 ) 
4 216 221 (-381.995361 -526.003601 -1008 ) (-386.663086 -520.002197 -1008 ) (-386.663086 -520.002197 -912 ) (-381.995361 -526.003601 -912 ) 
4 216 218 (-386.664734 -520.002747 -912 ) (-386.664734 -520.002747 -1008 ) (-399.986298 -512.009766 -1008 ) (-399.986298 -512.009766 -912 ) 
4 217 250 (-412.959961 -501.920013 -1008 ) (-397.435944 -506.153839 -1008 ) (-397.217407 -506.434814 -1008 ) (-400 -512 -1008 ) 
4 217 228 (-397.435852 -506.153870 -1008 ) (-412.959991 -501.920013 -1008 ) (-412.959991 -501.920013 -912 ) (-397.435852 -506.153870 -912 ) 
4 217 219 (-397.216644 -506.433258 -1008 ) (-397.433594 -506.154327 -1008 ) (-397.433594 -506.154327 -912 ) (-397.216644 -506.433258 -912 ) 
4 217 218 (-400 -512 -912 ) (-400 -512 -1008 ) (-397.217102 -506.434204 -1008 ) (-397.217102 -506.434204 -912 ) 
3 218 250 (-397.217407 -506.434814 -1008 ) (-386.666718 -520 -1008 ) (-400 -512 -1008 ) 
4 218 221 (-386.663086 -520.002197 -1008 ) (-397.216644 -506.433258 -1008 ) (-397.216644 -506.433258 -912 ) (-386.663086 -520.002197 -912 ) 
3 219 250 (-397.435944 -506.153839 -1008 ) (-397.120026 -506.239990 -1008 ) (-397.217407 -506.434814 -1008 ) 
4 219 228 (-397.120026 -506.239990 -1008 ) (-397.435852 -506.153870 -1008 ) (-397.435852 -506.153870 -912 ) (-397.120026 -506.239990 -912 ) 
4 219 221 (-397.217773 -506.435577 -912 ) (-397.217773 -506.435577 -1008 ) (-397.119568 -506.239136 -1008 ) (-397.119568 -506.239136 -912 ) 
3 220 250 (-380 -524 -1008 ) (-368 -544 -1008 ) (-382 -526 -1008 ) 
4 220 237 (-368.009491 -543.987793 -1008 ) (-380.001404 -524.001404 -1008 ) (-380.001404 -524.001404 -912 ) (-368.009491 -543.987793 -912 ) 
4 220 221 (-380 -524 -912 ) (-380 -524 -1008 ) (-382.001953 -526.001953 -1008 ) (-382.001953 -526.001953 -912 ) 
6 221 250 (-397.120026 -506.239990 -1008 ) (-391.172394 -507.862061 -1008 ) (-388.307648 -510.153839 -1008 ) (-380 -524 -1008 ) (-382 -526 -1008 ) (-397.217407 -506.434814 -1008 ) 
4 221 238 (-380.001404 -524.001404 -1008 ) (-388.312103 -510.150299 -1008 ) (-388.312103 -510.150299 -912 ) (-380.001404 -524.001404 -912 ) 
4 221 229 (-391.167969 -507.863281 -912 ) (-391.167969 -507.863281 -1008 ) (-397.120026 -506.239990 -1008 ) (-397.120026 -506.239990 -912 ) 
3 222 248 (-416 -494 -1008 ) (-410 -496 -1008 ) (-412 -496 -1008 ) 
4 222 250 (-410 -496 -1008 ) (-403.142822 -498.285706 -1008 ) (-396 -504 -1008 ) (-412 -496 -1008 ) 
4 222 228 (-415.997864 -494.001068 -912 ) (-415.997864 -494.001068 -1008 ) (-396 -504 -1008 ) (-396 -504 -912 ) 
4 223 248 (-464 -484 -1008 ) (-464 -480 -1008 ) (-458 -480 -1008 ) (-440 -486 -1008 ) 
4 223 226 (-443.871765 -485.676971 -1008 ) (-440.001556 -486 -1008 ) (-440.001556 -486 -912 ) (-443.871765 -485.676971 -912 ) 
4 223 224 (-464 -484 -912 ) (-464 -484 -1008 ) (-443.871765 -485.676971 -1008 ) (-443.871765 -485.676971 -912 ) 
4 223 241 (-464 -480 -1008 ) (-464 -484 -1008 ) (-464 -484 -912 ) (-464 -480 -912 ) 
5 224 248 (-464 -488 -1008 ) (-464 -484 -1008 ) (-443.871063 -485.677399 -1008 ) (-440.443420 -487.733978 -1008 ) (-442.009277 -493.997498 -1008 ) 
4 224 226 (-440.443695 -487.735168 -1008 ) (-443.873077 -485.677704 -1008 ) (-443.873077 -485.677704 -912 ) (-440.443695 -487.735168 -912 ) 
4 224 241 (-464 -484 -1008 ) (-464 -488 -1008 ) (-464 -488 -912 ) (-464 -484 -912 ) 
4 224 225 (-442.009918 -493.996704 -912 ) (-442.009918 -493.996704 -1008 ) (-440.444824 -487.736298 -1008 ) (-440.444824 -487.736298 -912 ) 
4 225 248 (-440.443420 -487.733978 -1008 ) (-426.666718 -496 -1008 ) (-434.666748 -496 -1008 ) (-442.009277 -493.997498 -1008 ) 
3 225 250 (-426.666718 -496 -1008 ) (-420 -500 -1008 ) (-434.666748 -496 -1008 ) 
4 225 227 (-420.005463 -499.997101 -912 ) (-420.005463 -499.997101 -1008 ) (-440.443695 -487.735168 -1008 ) (-440.443695 -487.735168 -912 ) 
3 226 248 (-443.871063 -485.677399 -1008 ) (-440.009705 -486 -1008 ) (-440.443420 -487.733978 -1008 ) 
4 226 227 (-440.444214 -487.733948 -912 ) (-440.444214 -487.733948 -1008 ) (-440.010620 -486 -1008 ) (-440.010620 -486 -912 ) 
6 227 248 (-440.009705 -486 -1008 ) (-440 -486 -1008 ) (-416 -494 -1008 ) (-417.333527 -496 -1008 ) (-426.666718 -496 -1008 ) (-440.443420 -487.733978 -1008 ) 
3 227 250 (-417.333527 -496 -1008 ) (-420 -500 -1008 ) (-426.666718 -496 -1008 ) 
4 227 228 (-420 -500 -912 ) (-420 -500 -1008 ) (-416 -494 -1008 ) (-416 -494 -912 ) 
3 228 248 (-416 -494 -1008 ) (-412 -496 -1008 ) (-417.333527 -496 -1008 ) 
5 228 250 (-412 -496 -1008 ) (-396 -504 -1008 ) (-397.120026 -506.239990 -1008 ) (-420 -500 -1008 ) (-417.333527 -496 -1008 ) 
4 228 229 (-397.120026 -506.240021 -912 ) (-397.120026 -506.240021 -1008 ) (-396 -504 -1008 ) (-396 -504 -912 ) 
3 229 250 (-396 -504 -1008 ) (-391.172394 -507.862061 -1008 ) (-397.120026 -506.239990 -1008 ) 
3 230 250 (-356 -564 -1008 ) (-368 -544 -1008 ) (-357.920013 -556.959900 -1008 ) 
4 230 239 (-357.920624 -556.957642 -1008 ) (-368.005890 -543.990234 -1008 ) (-368.005890 -543.990234 -912 ) (-357.920624 -556.957642 -912 ) 
4 230 231 (-356 -563.998413 -912 ) (-356 -563.998413 -1008 ) (-357.921875 -556.957031 -1008 ) (-357.921875 -556.957031 -912 ) 
3 231 250 (-356 -564 -1008 ) (-357.920013 -556.959900 -1008 ) (-353.658478 -562.439026 -1008 ) 
4 231 239 (-353.657867 -562.438599 -1008 ) (-357.920624 -556.957642 -1008 ) (-357.920624 -556.957642 -912 ) (-353.657867 -562.438599 -912 ) 
4 231 232 (-356 -564 -912 ) (-356 -564 -1008 ) (-353.659332 -562.440186 -1008 ) (-353.659332 -562.440186 -912 ) 
5 232 250 (-345.833344 -572.499878 -1008 ) (-342 -584 -1008 ) (-343.739105 -584.434814 -1008 ) (-356 -564 -1008 ) (-353.658478 -562.439026 -1008 ) 
4 232 240 (-345.833771 -572.498657 -912 ) (-345.833771 -572.498657 -1008 ) (-353.657867 -562.438599 -1008 ) (-353.657867 -562.438599 -912 ) 
4 232 233 (-343.739136 -584.434753 -912 ) (-343.739136 -584.434753 -1008 ) (-342 -584 -1008 ) (-342 -584 -912 ) 
3 233 250 (-342 -584 -1008 ) (-341.677460 -587.870911 -1008 ) (-343.739105 -584.434814 -1008 ) 
4 234 250 (-393.499969 -501.500000 -1008 ) (-366.499969 -510.500000 -1008 ) (-358.727234 -533.818176 -1008 ) (-388.307648 -510.153870 -1008 ) 
4 234 238 (-388.306274 -510.156158 -912 ) (-388.306274 -510.156158 -1008 ) (-375.997559 -520.003052 -1008 ) (-375.997559 -520.003052 -912 ) 
4 234 235 (-375.997559 -520.003052 -1008 ) (-358.726868 -533.819458 -1008 ) (-358.726868 -533.819458 -912 ) (-375.997559 -520.003052 -912 ) 
3 235 250 (-358.727234 -533.818176 -1008 ) (-354.285614 -547.143005 -1008 ) (-376 -520 -1008 ) 
4 235 237 (-375.992188 -520.005859 -912 ) (-375.992188 -520.005859 -1008 ) (-360.005829 -539.988403 -1008 ) (-360.005829 -539.988403 -912 ) 
4 235 236 (-360.005829 -539.988403 -1008 ) (-354.288300 -547.135132 -1008 ) (-354.288300 -547.135132 -912 ) (-360.005829 -539.988403 -912 ) 
3 236 250 (-354.285614 -547.143005 -1008 ) (-350 -560 -1008 ) (-360 -540 -1008 ) 
4 236 239 (-359.998047 -540.003906 -912 ) (-359.998047 -540.003906 -1008 ) (-350 -560 -1008 ) (-350 -560 -912 ) 
6 237 250 (-367.996094 -544.005005 -1008 ) (-368 -544 -1008 ) (-380 -524 -1008 ) (-376 -520 -1008 ) (-360 -540 -1008 ) (-359.997223 -540.005554 -1008 ) 
4 237 239 (-367.995850 -544.005737 -912 ) (-367.995850 -544.005737 -1008 ) (-360 -540.007812 -1008 ) (-360 -540.007812 -912 ) 
4 237 238 (-376 -520 -912 ) (-376 -520 -1008 ) (-380 -524 -1008 ) (-380 -524 -912 ) 
3 238 250 (-380 -524 -1008 ) (-388.307648 -510.153870 -1008 ) (-376 -520 -1008 ) 
4 239 250 (-350 -560 -1008 ) (-353.658478 -562.439026 -1008 ) (-367.996094 -544.005005 -1008 ) (-359.997223 -540.005554 -1008 ) 
4 239 240 (-353.659698 -562.437805 -912 ) (-353.659698 -562.437805 -1008 ) (-350 -560 -1008 ) (-350 -560 -912 ) 
3 240 250 (-350 -560 -1008 ) (-345.833344 -572.499878 -1008 ) (-353.658478 -562.439026 -1008 ) 
4 241 252 (-480 -608 -1008 ) (-464 -608 -1008 ) (-464 -608 -912 ) (-480 -608 -912 ) 
4 241 248 (-480 -496 -1008 ) (-480 -480 -1008 ) (-464 -480 -1008 ) (-464 -496 -1008 ) 
4 241 250 (-464 -608 -1008 ) (-480 -608 -1008 ) (-480 -496 -1008 ) (-464 -496 -1008 ) 
4 241 243 (-480 -484 -1008 ) (-480 -492 -1008 ) (-480 -492 -912 ) (-480 -484 -912 ) 
4 241 242 (-480 -480 -1008 ) (-480 -484 -1008 ) (-480 -484 -912 ) (-480 -480 -912 ) 
4 241 244 (-480 -492 -1008 ) (-480 -608 -1008 ) (-480 -608 -912 ) (-480 -492 -912 ) 
4 242 248 (-672 -484 -1008 ) (-672 -480 -1008 ) (-480 -480 -1008 ) (-480 -484 -1008 ) 
4 242 245 (-672 -480 -1008 ) (-672 -484 -1008 ) (-672 -484 -912 ) (-672 -480 -912 ) 
4 242 243 (-672 -484 -912 ) (-672 -484 -1008 ) (-480 -484 -1008 ) (-480 -484 -912 ) 
4 243 248 (-672 -492 -1008 ) (-672 -484 -1008 ) (-480 -484 -1008 ) (-480 -492 -1008 ) 
4 243 244 (-672 -492 -912 ) (-672 -492 -1008 ) (-480 -492 -1008 ) (-480 -492 -912 ) 
4 243 245 (-672 -484 -1008 ) (-672 -492 -1008 ) (-672 -492 -912 ) (-672 -484 -912 ) 
4 244 252 (-672 -608 -1008 ) (-480 -608 -1008 ) (-480 -608 -912 ) (-672 -608 -912 ) 
4 244 248 (-672 -496 -1008 ) (-672 -492 -1008 ) (-480 -492 -1008 ) (-480 -496 -1008 ) 
4 244 250 (-480 -608 -1008 ) (-672 -608 -1008 ) (-672 -496 -1008 ) (-480 -496 -1008 ) 
4 244 245 (-672 -492 -1008 ) (-672 -608 -1008 ) (-672 -608 -912 ) (-672 -492 -912 ) 
4 245 252 (-752 -608 -1008 ) (-672 -608 -1008 ) (-672 -608 -912 ) (-752 -608 -912 ) 
4 245 248 (-752 -496 -1008 ) (-752 -480 -1008 ) (-672 -480 -1008 ) (-672 -496 -1008 ) 
4 245 250 (-672 -608 -1008 ) (-752 -608 -1008 ) (-752 -496 -1008 ) (-672 -496 -1008 ) 
4 245 247 (-752 -496 -1008 ) (-752 -608 -1008 ) (-752 -608 -912 ) (-752 -496 -912 ) 
4 246 249 (-1280 -496 -1008 ) (-1280 -480 -1008 ) (-848 -480 -1008 ) (-848 -496 -1008 ) 
4 246 247 (-1280 -496 -1008 ) (-848 -496 -1008 ) (-848 -496 -912 ) (-1280 -496 -912 ) 
4 247 252 (-1280 -608 -912 ) (-1280 -608 -1008 ) (-752 -608 -1008 ) (-752 -608 -912 ) 
4 247 250 (-752 -608 -1008 ) (-1280 -608 -1008 ) (-1280 -496 -1008 ) (-752 -496 -1008 ) 
4 248 262 (-256 -480 -1024 ) (-192 -480 -1024 ) (-192 -496 -1024 ) (-256 -496 -1024 ) 
4 248 260 (-112 -480 -1024 ) (-96 -480 -1024 ) (-96 -496 -1024 ) (-112 -496 -1024 ) 
4 248 250 (-96 -496 -1024 ) (-96 -496 -1008 ) (-752 -496 -1008 ) (-752 -496 -1024 ) 
4 249 268 (-1280 -496 -1024 ) (-1280 -480 -1024 ) (-848 -480 -1024 ) (-848 -496 -1024 ) 
4 249 250 (-848 -496 -1008 ) (-1280 -496 -1008 ) (-1280 -496 -1024 ) (-848 -496 -1024 ) 
4 250 268 (-1280 -608 -1024 ) (-1280 -496 -1024 ) (-848 -496 -1024 ) (-848 -608 -1024 ) 
4 250 262 (-256 -496 -1024 ) (-192 -496 -1024 ) (-192 -608 -1024 ) (-256 -608 -1024 ) 
4 250 260 (-112 -496 -1024 ) (-96 -496 -1024 ) (-96 -608 -1024 ) (-112 -608 -1024 ) 
4 250 251 (-336 -608 -1024 ) (-96 -608 -1024 ) (-96 -608 -1008 ) (-336 -608 -1008 ) 
4 250 252 (-1280 -608 -1008 ) (-1280 -608 -1024 ) (-352 -608 -1024 ) (-352 -608 -1008 ) 
4 251 262 (-256 -608 -1024 ) (-192 -608 -1024 ) (-192 -992 -1024 ) (-256 -992 -1024 ) 
4 251 260 (-112 -608 -1024 ) (-96 -608 -1024 ) (-96 -992 -1024 ) (-112 -992 -1024 ) 
4 251 253 (-336 -992 -1024 ) (-96 -992 -1024 ) (-96 -992 -896 ) (-336 -992 -896 ) 
4 252 268 (-1280 -992 -1024 ) (-1280 -608 -1024 ) (-848 -608 -1024 ) (-848 -992 -1024 ) 
4 252 253 (-1280 -992 -896 ) (-1280 -992 -1024 ) (-352 -992 -1024 ) (-352 -992 -896 ) 
4 253 268 (-1280 -1024 -1024 ) (-1280 -992 -1024 ) (-848 -992 -1024 ) (-848 -1024 -1024 ) 
4 253 267 (-848 -992 -1024 ) (-256 -992 -1024 ) (-256 -1024 -1024 ) (-848 -1024 -1024 ) 
4 253 262 (-256 -992 -1024 ) (-192 -992 -1024 ) (-192 -1024 -1024 ) (-256 -1024 -1024 ) 
4 253 261 (-192 -992 -1024 ) (-112 -992 -1024 ) (-112 -1024 -1024 ) (-192 -1024 -1024 ) 
4 253 260 (-112 -992 -1024 ) (-96 -992 -1024 ) (-96 -1024 -1024 ) (-112 -1024 -1024 ) 
4 254 258 (0 -256 -1026 ) (0 -256 -1024 ) (-32 -256 -1024 ) (-32 -256 -1026 ) 
4 255 269 (-96 -64 -1040 ) (-96 -128 -1040 ) (-112 -128 -1040 ) (-112 -64 -1040 ) 
4 256 262 (-192 -256 -1026 ) (-192 -256 -1024 ) (-256 -256 -1024 ) (-256 -256 -1026 ) 
4 257 269 (-1280 0 -1040 ) (-848 0 -1040 ) (-848 -256 -1040 ) (-1280 -256 -1040 ) 
4 257 264 (-1280 -256 -1040 ) (-848 -256 -1040 ) (-848 -256 -1024 ) (-1280 -256 -1024 ) 
4 258 269 (-96 -256 -1040 ) (0 -256 -1040 ) (0 -1024 -1040 ) (-96 -1024 -1040 ) 
4 258 259 (-96 -256 -1024 ) (-96 -256 -1040 ) (-96 -304 -1040 ) (-96 -304 -1024 ) 
4 258 260 (-96 -432 -1040 ) (-96 -1024 -1040 ) (-96 -1024 -1024 ) (-96 -432 -1024 ) 
4 259 269 (-112 -256 -1040 ) (-96 -256 -1040 ) (-96 -304 -1040 ) (-112 -304 -1040 ) 
4 260 269 (-96 -432 -1040 ) (-96 -1024 -1040 ) (-112 -1024 -1040 ) (-112 -432 -1040 ) 
4 260 261 (-112 -992 -1040 ) (-112 -1024 -1040 ) (-112 -1024 -1024 ) (-112 -992 -1024 ) 
4 261 269 (-112 -992 -1040 ) (-112 -1024 -1040 ) (-192 -1024 -1040 ) (-192 -992 -1040 ) 
4 261 263 (-192 -992 -1040 ) (-192 -1024 -1040 ) (-192 -1024 -1026 ) (-192 -992 -1026 ) 
4 261 262 (-192 -1024 -1026 ) (-192 -1024 -1024 ) (-192 -992 -1024 ) (-192 -992 -1026 ) 
4 262 267 (-256 -992 -1026 ) (-256 -1024 -1026 ) (-256 -1024 -1024 ) (-256 -992 -1024 ) 
4 262 265 (-256 -336 -1026 ) (-256 -400 -1026 ) (-256 -400 -1024 ) (-256 -336 -1024 ) 
4 262 263 (-256 -1024 -1026 ) (-256 -992 -1026 ) (-192 -992 -1026 ) (-192 -1024 -1026 ) 
4 263 269 (-192 -992 -1040 ) (-192 -1024 -1040 ) (-256 -1024 -1040 ) (-256 -992 -1040 ) 
4 263 267 (-256 -992 -1040 ) (-256 -1024 -1040 ) (-256 -1024 -1026 ) (-256 -992 -1026 ) 
4 264 269 (-1280 -256 -1040 ) (-848 -256 -1040 ) (-848 -336 -1040 ) (-1280 -336 -1040 ) 
4 264 266 (-1280 -336 -1040 ) (-848 -336 -1040 ) (-848 -336 -1026 ) (-1280 -336 -1026 ) 
4 264 265 (-848 -336 -1026 ) (-848 -336 -1024 ) (-1280 -336 -1024 ) (-1280 -336 -1026 ) 
4 265 268 (-848 -400 -1024 ) (-1280 -400 -1024 ) (-1280 -400 -1026 ) (-848 -400 -1026 ) 
4 265 266 (-848 -400 -1026 ) (-1280 -400 -1026 ) (-1280 -336 -1026 ) (-848 -336 -1026 ) 
4 266 269 (-1280 -336 -1040 ) (-848 -336 -1040 ) (-848 -400 -1040 ) (-1280 -400 -1040 ) 
4 266 268 (-1280 -400 -1040 ) (-848 -400 -1040 ) (-848 -400 -1026 ) (-1280 -400 -1026 ) 
4 267 269 (-256 -992 -1040 ) (-256 -1024 -1040 ) (-848 -1024 -1040 ) (-848 -992 -1040 ) 
4 267 268 (-848 -992 -1040 ) (-848 -1024 -1040 ) (-848 -1024 -1024 ) (-848 -992 -1024 ) 
4 268 269 (-1280 -400 -1040 ) (-848 -400 -1040 ) (-848 -1024 -1040 ) (-1280 -1024 -1040 ) 
