PRT1
188
381
4 0 134 (-3456 8192 -192 ) (-3456 8192 -128 ) (-3616 8192 -128 ) (-3616 8192 -192 ) 
4 0 97 (-3456 8192 -128 ) (-3456 8192 -32 ) (-3616 8192 -32 ) (-3616 8192 -128 ) 
4 0 8 (-3616 8288 -192 ) (-3616 8192 -192 ) (-3616 8192 -80 ) (-3616 8288 -80 ) 
4 0 7 (-3616 8380 -192 ) (-3616 8352 -192 ) (-3616 8352 -32 ) (-3616 8380 -32 ) 
4 0 3 (-3616 8644 -192 ) (-3616 8380 -192 ) (-3616 8380 -64 ) (-3616 8644 -64 ) 
4 0 2 (-3616 8380 -64 ) (-3616 8380 -32 ) (-3616 8644 -32 ) (-3616 8644 -64 ) 
4 0 1 (-3616 8672 -192 ) (-3616 8644 -192 ) (-3616 8644 -32 ) (-3616 8672 -32 ) 
4 1 10 (-4096 8644 -32 ) (-4096 8672 -32 ) (-4096 8672 -192 ) (-4096 8644 -192 ) 
4 1 4 (-3625 8644 -192 ) (-3623 8644 -192 ) (-3623 8644 -64 ) (-3625 8644 -64 ) 
4 1 3 (-3623 8644 -192 ) (-3616 8644 -192 ) (-3616 8644 -64 ) (-3623 8644 -64 ) 
4 1 6 (-3632 8644 -192 ) (-3625 8644 -192 ) (-3625 8644 -64 ) (-3632 8644 -64 ) 
4 1 2 (-3616 8644 -64 ) (-3616 8644 -32 ) (-3632 8644 -32 ) (-3632 8644 -64 ) 
4 1 9 (-4096 8644 -192 ) (-3632 8644 -192 ) (-3632 8644 -32 ) (-4096 8644 -32 ) 
4 2 7 (-3632 8380 -32 ) (-3632 8380 -64 ) (-3616 8380 -64 ) (-3616 8380 -32 ) 
4 2 5 (-3623 8380 -64 ) (-3625 8380 -64 ) (-3625 8452 -64 ) (-3623 8452 -64 ) 
4 2 4 (-3625 8452 -64 ) (-3625 8644 -64 ) (-3623 8644 -64 ) (-3623 8452 -64 ) 
4 2 3 (-3616 8380 -64 ) (-3623 8380 -64 ) (-3623 8644 -64 ) (-3616 8644 -64 ) 
4 2 6 (-3625 8380 -64 ) (-3632 8380 -64 ) (-3632 8644 -64 ) (-3625 8644 -64 ) 
4 2 9 (-3632 8644 -32 ) (-3632 8644 -64 ) (-3632 8380 -64 ) (-3632 8380 -32 ) 
4 3 7 (-3623 8380 -192 ) (-3616 8380 -192 ) (-3616 8380 -64 ) (-3623 8380 -64 ) 
4 3 5 (-3623 8380 -192 ) (-3623 8380 -64 ) (-3623 8452 -64 ) (-3623 8452 -192 ) 
4 3 4 (-3623 8452 -64 ) (-3623 8644 -64 ) (-3623 8644 -192 ) (-3623 8452 -192 ) 
4 4 6 (-3625 8452 -64 ) (-3625 8644 -64 ) (-3625 8644 -192 ) (-3625 8452 -192 ) 
4 4 5 (-3625 8452 -64 ) (-3625 8452 -192 ) (-3623 8452 -192 ) (-3623 8452 -64 ) 
4 5 7 (-3625 8380 -192 ) (-3623 8380 -192 ) (-3623 8380 -64 ) (-3625 8380 -64 ) 
4 5 6 (-3625 8380 -192 ) (-3625 8380 -64 ) (-3625 8452 -64 ) (-3625 8452 -192 ) 
4 6 7 (-3632 8380 -64 ) (-3632 8380 -192 ) (-3625 8380 -192 ) (-3625 8380 -64 ) 
4 6 9 (-3632 8644 -64 ) (-3632 8644 -192 ) (-3632 8380 -192 ) (-3632 8380 -64 ) 
4 7 9 (-3632 8380 -192 ) (-3632 8352 -192 ) (-3632 8352 -32 ) (-3632 8380 -32 ) 
4 8 9 (-3632 8288 -192 ) (-3632 8192 -192 ) (-3632 8192 -80 ) (-3632 8288 -80 ) 
4 9 135 (-4096 8192 -128 ) (-4096 8192 -192 ) (-3632 8192 -192 ) (-3632 8192 -128 ) 
4 9 105 (-3632 8192 -32 ) (-4096 8192 -32 ) (-4096 8192 -128 ) (-3632 8192 -128 ) 
4 9 11 (-4096 8192 -192 ) (-4096 8192 -32 ) (-4096 8644 -32 ) (-4096 8644 -192 ) 
4 10 19 (-4192 8672 -192 ) (-4192 8644 -192 ) (-4192 8644 -32 ) (-4192 8672 -32 ) 
4 10 14 (-4185 8644 -192 ) (-4183 8644 -192 ) (-4183 8644 -64 ) (-4185 8644 -64 ) 
4 10 13 (-4183 8644 -192 ) (-4176 8644 -192 ) (-4176 8644 -64 ) (-4183 8644 -64 ) 
4 10 16 (-4192 8644 -192 ) (-4185 8644 -192 ) (-4185 8644 -64 ) (-4192 8644 -64 ) 
4 10 12 (-4176 8644 -64 ) (-4176 8644 -32 ) (-4192 8644 -32 ) (-4192 8644 -64 ) 
4 10 11 (-4176 8644 -192 ) (-4096 8644 -192 ) (-4096 8644 -32 ) (-4176 8644 -32 ) 
4 11 155 (-4096 8192 -192 ) (-4096 8192 -32 ) (-4176 8192 -32 ) (-4176 8192 -192 ) 
4 11 18 (-4176 8288 -192 ) (-4176 8192 -192 ) (-4176 8192 -80 ) (-4176 8288 -80 ) 
4 11 17 (-4176 8380 -192 ) (-4176 8352 -192 ) (-4176 8352 -32 ) (-4176 8380 -32 ) 
4 11 13 (-4176 8644 -64 ) (-4176 8644 -192 ) (-4176 8380 -192 ) (-4176 8380 -64 ) 
4 11 12 (-4176 8644 -32 ) (-4176 8644 -64 ) (-4176 8380 -64 ) (-4176 8380 -32 ) 
4 12 19 (-4192 8380 -64 ) (-4192 8380 -32 ) (-4192 8644 -32 ) (-4192 8644 -64 ) 
4 12 17 (-4176 8380 -64 ) (-4176 8380 -32 ) (-4192 8380 -32 ) (-4192 8380 -64 ) 
4 12 15 (-4183 8380 -64 ) (-4185 8380 -64 ) (-4185 8452 -64 ) (-4183 8452 -64 ) 
4 12 14 (-4185 8452 -64 ) (-4185 8644 -64 ) (-4183 8644 -64 ) (-4183 8452 -64 ) 
4 12 13 (-4176 8380 -64 ) (-4183 8380 -64 ) (-4183 8644 -64 ) (-4176 8644 -64 ) 
4 12 16 (-4185 8380 -64 ) (-4192 8380 -64 ) (-4192 8644 -64 ) (-4185 8644 -64 ) 
4 13 17 (-4183 8380 -192 ) (-4176 8380 -192 ) (-4176 8380 -64 ) (-4183 8380 -64 ) 
4 13 15 (-4183 8380 -192 ) (-4183 8380 -64 ) (-4183 8452 -64 ) (-4183 8452 -192 ) 
4 13 14 (-4183 8452 -64 ) (-4183 8644 -64 ) (-4183 8644 -192 ) (-4183 8452 -192 ) 
4 14 16 (-4185 8452 -64 ) (-4185 8644 -64 ) (-4185 8644 -192 ) (-4185 8452 -192 ) 
4 14 15 (-4185 8452 -64 ) (-4185 8452 -192 ) (-4183 8452 -192 ) (-4183 8452 -64 ) 
4 15 17 (-4185 8380 -192 ) (-4183 8380 -192 ) (-4183 8380 -64 ) (-4185 8380 -64 ) 
4 15 16 (-4185 8380 -192 ) (-4185 8380 -64 ) (-4185 8452 -64 ) (-4185 8452 -192 ) 
4 16 19 (-4192 8644 -192 ) (-4192 8380 -192 ) (-4192 8380 -64 ) (-4192 8644 -64 ) 
4 16 17 (-4192 8380 -192 ) (-4185 8380 -192 ) (-4185 8380 -64 ) (-4192 8380 -64 ) 
4 17 19 (-4192 8380 -192 ) (-4192 8352 -192 ) (-4192 8352 -32 ) (-4192 8380 -32 ) 
4 18 19 (-4192 8288 -192 ) (-4192 8192 -192 ) (-4192 8192 -80 ) (-4192 8288 -80 ) 
4 19 169 (-4192 8192 -192 ) (-4192 8192 -32 ) (-4352 8192 -32 ) (-4352 8192 -192 ) 
4 20 24 (-3440 7488 384 ) (-3440 7296 384 ) (-3440 7296 512 ) (-3440 7488 512 ) 
4 20 23 (-3440 7296 512 ) (-3440 7296 576 ) (-3440 7488 576 ) (-3440 7488 512 ) 
4 20 21 (-3392 7296 384 ) (-3200 7296 384 ) (-3200 7296 576 ) (-3392 7296 576 ) 
4 21 22 (-3392 7136 384 ) (-3200 7136 384 ) (-3200 7136 576 ) (-3392 7136 576 ) 
4 22 25 (-3440 7136 384 ) (-3440 7008 384 ) (-3440 7008 512 ) (-3440 7136 512 ) 
4 23 56 (-3456 7296 576 ) (-3456 7488 576 ) (-3456 7488 512 ) (-3456 7296 512 ) 
4 23 24 (-3440 7488 512 ) (-3440 7296 512 ) (-3456 7296 512 ) (-3456 7488 512 ) 
4 24 56 (-3456 7296 512 ) (-3456 7488 512 ) (-3456 7488 384 ) (-3456 7296 384 ) 
4 25 66 (-3456 7008 512 ) (-3456 7136 512 ) (-3456 7136 384 ) (-3456 7008 384 ) 
4 26 94 (-2912 6976 0 ) (-2912 6816 0 ) (-3104 6816 0 ) (-3104 6976 0 ) 
4 26 93 (-2912 7168 0 ) (-2912 6976 0 ) (-3104 6976 0 ) (-3104 7168 0 ) 
4 26 28 (-3104 6976 0 ) (-3104 6912 0 ) (-3104 6912 32 ) (-3104 6976 32 ) 
4 26 27 (-3104 7168 0 ) (-3104 6976 0 ) (-3104 6976 32 ) (-3104 7168 32 ) 
4 27 93 (-3456 6976 0 ) (-3456 7168 0 ) (-3104 7168 0 ) (-3104 6976 0 ) 
4 27 85 (-3456 7168 0 ) (-3456 6976 0 ) (-3456 6976 32 ) (-3456 7168 32 ) 
4 27 28 (-3104 6976 0 ) (-3104 6976 32 ) (-3168 6976 32 ) (-3168 6976 0 ) 
3 28 95 (-3168 6976 0 ) (-3104 6976 0 ) (-3104 6912 0 ) 
4 29 34 (-2504 6240 16 ) (-2504 6240 252 ) (-2504 6448 252 ) (-2504 6448 16 ) 
4 29 30 (-2504 6464 252 ) (-2504 6648 252 ) (-2504 6648 16 ) (-2504 6464 16 ) 
4 30 31 (-2520 6464 252 ) (-2520 6648 252 ) (-2520 6648 16 ) (-2520 6464 16 ) 
4 31 112 (-2521 6648 0 ) (-2520 6648 0 ) (-2520 6464 0 ) (-2521 6464 0 ) 
4 31 33 (-2521 6464 0 ) (-2521 6464 241 ) (-2521 6471 241 ) (-2521 6471 0 ) 
4 31 32 (-2521 6471 251.639526 ) (-2521 6648 251.639526 ) (-2521 6648 0 ) (-2521 6471 0 ) 
4 32 112 (-2864 6471 0 ) (-2864 6648 0 ) (-2521 6648 0 ) (-2521 6471 0 ) 
5 32 33 (-2521 6471 0 ) (-2521 6471 241 ) (-2550.516113 6471 241 ) (-2864 6471 128 ) (-2864 6471 0 ) 
4 33 112 (-2864 6464 0 ) (-2864 6471 0 ) (-2521 6471 0 ) (-2521 6464 0 ) 
4 34 35 (-2520 6448 252 ) (-2520 6448 16 ) (-2520 6240 16 ) (-2520 6240 252 ) 
4 35 36 (-2760 6448 252 ) (-2760 6448 128 ) (-2760 6240 128 ) (-2760 6240 252 ) 
4 36 37 (-2864 6240 128 ) (-2864 6240 252 ) (-2864 6448 252 ) (-2864 6448 128 ) 
4 37 38 (-2880 6448 128 ) (-2880 6240 128 ) (-2880 6240 256 ) (-2880 6448 256 ) 
4 38 42 (-3136 6272 128 ) (-3136 6016 128 ) (-3136 6016 320 ) (-3136 6272 320 ) 
4 38 39 (-3136 6712 128 ) (-3136 6600 128 ) (-3136 6600 244 ) (-3136 6712 244 ) 
4 39 40 (-3139 6600 128 ) (-3139 6600 244 ) (-3139 6712 244 ) (-3139 6712 128 ) 
4 40 41 (-3141 6600 128 ) (-3141 6600 244 ) (-3141 6712 244 ) (-3141 6712 128 ) 
4 41 43 (-3144 6712 128 ) (-3144 6600 128 ) (-3144 6600 244 ) (-3144 6712 244 ) 
4 42 44 (-3144 6272 128 ) (-3144 6016 128 ) (-3144 6016 320 ) (-3144 6272 320 ) 
4 43 47 (-3144 6744 128 ) (-3144 6568 128 ) (-3288 6568 128 ) (-3288 6744 128 ) 
4 44 89 (-3456 6016 320 ) (-3456 6272 320 ) (-3456 6272 128 ) (-3456 6016 128 ) 
4 45 50 (-2944 6272 64 ) (-3072 6272 64 ) (-3072 6720 64 ) (-2944 6720 64 ) 
4 45 49 (-3072 6272 64 ) (-2944 6272 64 ) (-2944 6272 96 ) (-3072 6272 96 ) 
4 45 46 (-3072 6464 64 ) (-3072 6272 64 ) (-3072 6272 96 ) (-3072 6464 96 ) 
4 46 50 (-3072 6272 64 ) (-3136 6272 64 ) (-3136 6416 64 ) (-3072 6464 64 ) 
4 46 49 (-3136 6272 64 ) (-3072 6272 64 ) (-3072 6272 96 ) (-3136 6272 96 ) 
4 46 48 (-3136 6416 64 ) (-3136 6272 64 ) (-3136 6272 96 ) (-3136 6416 96 ) 
4 47 52 (-3288 6744 64 ) (-3144 6744 64 ) (-3144 6568 64 ) (-3288 6568 64 ) 
3 48 53 (-3242.666992 6336 64 ) (-3144 6410 64 ) (-3144 6336 64 ) 
4 48 54 (-3144 6272 64 ) (-3328 6272 64 ) (-3242.666992 6336 64 ) (-3144 6336 64 ) 
4 48 51 (-3136 6416 64 ) (-3136 6272 64 ) (-3144 6272 64 ) (-3144 6410 64 ) 
4 48 49 (-3328 6272 64 ) (-3136 6272 64 ) (-3136 6272 96 ) (-3328 6272 96 ) 
4 49 90 (-3456 6080 96 ) (-3456 6272 96 ) (-3456 6272 64 ) (-3456 6080 64 ) 
5 49 54 (-3456 6080 64 ) (-3456 6272 64 ) (-3144 6272 64 ) (-3144 6122 64 ) (-3200 6080 64 ) 
4 49 51 (-3144 6272 64 ) (-3136 6272 64 ) (-3136 6128 64 ) (-3144 6122 64 ) 
3 49 50 (-3136 6272 64 ) (-2944 6272 64 ) (-3136 6128 64 ) 
4 50 120 (-2880 6600 0 ) (-2880 6208 0 ) (-3136 6016 0 ) (-3136 6600 0 ) 
4 50 115 (-2880 6712 0 ) (-2880 6600 0 ) (-3136 6600 0 ) (-3136 6712 0 ) 
4 50 113 (-3136 6784 0 ) (-2880 6784 0 ) (-2880 6712 0 ) (-3136 6712 0 ) 
4 50 51 (-3136 6016 0 ) (-3136 6016 64 ) (-3136 6528 64 ) (-3136 6528 0 ) 
4 51 121 (-3136 6528 0 ) (-3136 6016 0 ) (-3144 6016 0 ) (-3144 6522 0 ) 
4 51 53 (-3144 6336 64 ) (-3144 6522 64 ) (-3144 6522 0 ) (-3144 6336 0 ) 
4 51 54 (-3144 6016 0 ) (-3144 6016 64 ) (-3144 6336 64 ) (-3144 6336 0 ) 
4 52 122 (-3144 6744 0 ) (-3144 6568 0 ) (-3288 6568 0 ) (-3288 6744 0 ) 
3 53 123 (-3144 6522 0 ) (-3144 6336 0 ) (-3392 6336 0 ) 
4 53 54 (-3144 6336 0 ) (-3144 6336 64 ) (-3392 6336 64 ) (-3392 6336 0 ) 
4 54 124 (-3456 6016 0 ) (-3456 6336 0 ) (-3144 6336 0 ) (-3144 6016 0 ) 
4 54 91 (-3456 6336 0 ) (-3456 6016 0 ) (-3456 6016 64 ) (-3456 6336 64 ) 
4 55 133 (-3456 5632 0 ) (-3456 5728 0 ) (-3008 5728 0 ) (-3008 5632 0 ) 
4 55 92 (-3456 5728 0 ) (-3456 5632 0 ) (-3456 5632 64 ) (-3456 5728 64 ) 
4 56 57 (-3840 7488 384 ) (-3456 7488 384 ) (-3456 7296 384 ) (-3840 7296 384 ) 
4 57 171 (-4096 7360 192 ) (-4096 7296 192 ) (-4096 7296 384 ) (-4096 7360 384 ) 
4 57 164 (-4096 7488 192 ) (-4096 7360 192 ) (-4096 7360 384 ) (-4096 7488 384 ) 
4 57 58 (-4096 7296 192 ) (-3840 7296 192 ) (-3840 7296 384 ) (-4096 7296 384 ) 
4 58 59 (-4064 7184 192 ) (-3872 7184 192 ) (-3872 7184 320 ) (-4064 7184 320 ) 
4 59 75 (-3872 7168 320 ) (-4064 7168 320 ) (-4064 7168 192 ) (-3872 7168 192 ) 
4 60 106 (-3712 7360 0 ) (-3712 7552 0 ) (-3616 7552 0 ) (-3616 7360 0 ) 
4 60 62 (-3712 7552 0 ) (-3712 7360 0 ) (-3712 7360 32 ) (-3712 7552 32 ) 
4 61 107 (-3520 7168 0 ) (-3712 7168 0 ) (-3712 7232 0 ) (-3520 7232 0 ) 
4 61 85 (-3712 7168 0 ) (-3520 7168 0 ) (-3520 7168 32 ) (-3712 7168 32 ) 
4 62 106 (-3712 7552 0 ) (-3712 7360 0 ) (-3808 7360 0 ) (-3808 7552 0 ) 
4 62 64 (-3808 7552 0 ) (-3808 7360 0 ) (-3808 7360 32 ) (-3808 7552 32 ) 
3 63 109 (-3744 7168 0 ) (-3808 7168 0 ) (-3808 7232 0 ) 
4 63 85 (-3808 7168 0 ) (-3744 7168 0 ) (-3744 7168 32 ) (-3808 7168 32 ) 
4 63 64 (-3808 7232 0 ) (-3808 7168 0 ) (-3808 7168 32 ) (-3808 7232 32 ) 
4 64 111 (-3808 7360 0 ) (-3808 7168 0 ) (-4000 7168 0 ) (-4000 7360 0 ) 
4 64 106 (-4000 7552 0 ) (-3808 7552 0 ) (-3808 7360 0 ) (-4000 7360 0 ) 
4 64 85 (-4000 7168 0 ) (-3808 7168 0 ) (-3808 7168 32 ) (-4000 7168 32 ) 
4 64 65 (-4000 7552 32 ) (-4000 7552 0 ) (-4000 7360 0 ) (-4000 7360 32 ) 
4 65 165 (-4096 7488 0 ) (-4096 7360 0 ) (-4096 7360 32 ) (-4096 7488 32 ) 
4 65 163 (-4096 7552 0 ) (-4096 7488 0 ) (-4096 7488 32 ) (-4096 7552 32 ) 
4 65 106 (-4096 7360 0 ) (-4096 7552 0 ) (-4000 7552 0 ) (-4000 7360 0 ) 
4 66 68 (-3457 7168 384 ) (-3457 6960 384 ) (-3457 6960 544 ) (-3457 7168 544 ) 
4 67 72 (-3457 6784 384 ) (-3456 6784 384 ) (-3456 6784 544 ) (-3457 6784 544 ) 
4 67 68 (-3457 6800 384 ) (-3457 6784 384 ) (-3457 6784 544 ) (-3457 6800 544 ) 
4 68 74 (-3520 6784 384 ) (-3457 6784 384 ) (-3457 6784 544 ) (-3520 6784 544 ) 
4 68 69 (-3520 7167 384 ) (-3520 6784 384 ) (-3520 6784 544 ) (-3520 7167 544 ) 
4 69 76 (-3648 6784 384 ) (-3712 6784 384 ) (-3712 6976 384 ) (-3648 6976 384 ) 
4 69 74 (-3712 6784 384 ) (-3520 6784 384 ) (-3520 6784 544 ) (-3712 6784 544 ) 
4 69 70 (-3712 7167 384 ) (-3712 6784 384 ) (-3712 6784 544 ) (-3712 7167 544 ) 
4 70 76 (-3712 6976 384 ) (-3712 6784 384 ) (-3776 6784 384 ) (-3776 6976 384 ) 
4 70 74 (-3776 6784 384 ) (-3712 6784 384 ) (-3712 6784 544 ) (-3776 6784 544 ) 
4 70 71 (-3776 7168 384 ) (-3776 6976 384 ) (-3776 6976 544 ) (-3776 7168 544 ) 
4 71 147 (-4096 7168 544 ) (-4096 7168 384 ) (-4096 6976 384 ) (-4096 6976 544 ) 
4 72 74 (-3457 6784 544 ) (-3457 6784 384 ) (-3457 6704 384 ) (-3457 6704 544 ) 
4 73 74 (-3457 6544 384 ) (-3457 6416 384 ) (-3457 6416 544 ) (-3457 6544 544 ) 
4 74 148 (-4096 6784 384 ) (-4096 6416 384 ) (-4096 6416 544 ) (-4096 6784 544 ) 
4 74 82 (-4096 6416 384 ) (-4096 6784 384 ) (-3776 6784 384 ) (-3776 6416 384 ) 
4 74 76 (-3776 6784 384 ) (-3648 6784 384 ) (-3648 6416 384 ) (-3776 6416 384 ) 
4 75 172 (-4096 7168 352 ) (-4096 7168 192 ) (-4096 6976 192 ) (-4096 6976 352 ) 
4 75 78 (-3632 6976 192 ) (-3600 6976 192 ) (-3600 6976 352 ) (-3632 6976 352 ) 
4 75 77 (-3600 6976 192 ) (-3456 6976 192 ) (-3456 6976 352 ) (-3600 6976 352 ) 
4 75 81 (-3776 6976 192 ) (-3632 6976 192 ) (-3632 6976 352 ) (-3776 6976 352 ) 
4 76 82 (-3776 6784 352 ) (-3776 6416 352 ) (-3776 6416 384 ) (-3776 6784 384 ) 
4 76 81 (-3648 6416 352 ) (-3776 6416 352 ) (-3776 6976 352 ) (-3648 6976 352 ) 
4 77 79 (-3600 6704 352 ) (-3600 6800 352 ) (-3600 6800 192 ) (-3600 6704 192 ) 
4 77 80 (-3600 6416 192 ) (-3600 6416 352 ) (-3600 6544 352 ) (-3600 6544 192 ) 
4 77 78 (-3600 6960 352 ) (-3600 6976 352 ) (-3600 6976 192 ) (-3600 6960 192 ) 
4 78 81 (-3632 6960 352 ) (-3632 6976 352 ) (-3632 6976 192 ) (-3632 6960 192 ) 
4 79 81 (-3632 6704 352 ) (-3632 6800 352 ) (-3632 6800 192 ) (-3632 6704 192 ) 
4 80 81 (-3632 6416 192 ) (-3632 6416 352 ) (-3632 6544 352 ) (-3632 6544 192 ) 
4 81 82 (-3776 6784 192 ) (-3776 6416 192 ) (-3776 6416 352 ) (-3776 6784 352 ) 
4 82 173 (-4096 6784 192 ) (-4096 6416 192 ) (-4096 6416 384 ) (-4096 6784 384 ) 
4 82 84 (-4080 6416 192 ) (-3984 6416 192 ) (-3984 6416 288 ) (-4080 6416 288 ) 
4 82 83 (-3952 6416 192 ) (-3856 6416 192 ) (-3856 6416 288 ) (-3952 6416 288 ) 
4 83 86 (-3952 6400 192 ) (-3856 6400 192 ) (-3856 6400 288 ) (-3952 6400 288 ) 
4 84 86 (-4080 6400 192 ) (-3984 6400 192 ) (-3984 6400 288 ) (-4080 6400 288 ) 
4 85 111 (-4000 7168 0 ) (-3808 7168 0 ) (-3808 6976 0 ) (-4000 6976 0 ) 
4 85 110 (-3808 7168 0 ) (-3712 7168 0 ) (-3712 6976 0 ) (-3808 6976 0 ) 
4 85 108 (-3712 7168 0 ) (-3456 7168 0 ) (-3456 6976 0 ) (-3712 6976 0 ) 
4 86 89 (-4096 6272 320 ) (-4096 6272 192 ) (-3456 6272 192 ) (-3456 6272 320 ) 
4 86 87 (-3456 6272 192 ) (-3840 6272 192 ) (-3840 6400 192 ) (-3456 6400 192 ) 
4 86 88 (-3968 6272 192 ) (-4096 6272 192 ) (-4096 6400 192 ) (-3968 6400 192 ) 
4 87 89 (-3584 6272 128 ) (-3456 6272 128 ) (-3456 6272 192 ) (-3840 6272 192 ) 
4 88 89 (-4096 6272 192 ) (-4096 6272 128 ) (-3968 6272 128 ) (-3968 6272 192 ) 
4 89 181 (-4096 6272 192 ) (-4096 6272 128 ) (-4096 6016 128 ) (-4096 6016 192 ) 
4 89 180 (-4096 6272 320 ) (-4096 6272 192 ) (-4096 6016 192 ) (-4096 6016 320 ) 
4 90 91 (-3456 6272 64 ) (-3456 6080 64 ) (-3584 6080 64 ) (-3584 6272 64 ) 
4 91 124 (-3648 6016 0 ) (-3648 6336 0 ) (-3456 6336 0 ) (-3456 6016 0 ) 
4 92 133 (-3520 5728 0 ) (-3456 5728 0 ) (-3456 5632 0 ) (-3520 5632 0 ) 
4 93 108 (-3456 7168 -128 ) (-3456 6976 -128 ) (-3456 6976 0 ) (-3456 7168 0 ) 
4 93 95 (-3168 6976 -128 ) (-3104 6976 -128 ) (-3104 6976 0 ) (-3168 6976 0 ) 
4 93 94 (-3104 6976 -128 ) (-2912 6976 -128 ) (-2912 6976 0 ) (-3104 6976 0 ) 
4 94 113 (-3104 6784 -128 ) (-2912 6784 -128 ) (-2912 6784 0 ) (-3104 6784 0 ) 
4 94 95 (-3104 6976 0 ) (-3104 6976 -128 ) (-3104 6912 -128 ) (-3104 6912 0 ) 
4 96 106 (-3616 7360 -32 ) (-3616 7360 0 ) (-3616 7552 0 ) (-3616 7552 -32 ) 
4 96 97 (-3456 7360 -32 ) (-3616 7360 -32 ) (-3616 7648 -32 ) (-3456 7648 -32 ) 
4 97 134 (-3616 8192 -128 ) (-3456 8192 -128 ) (-3456 7360 -128 ) (-3616 7360 -128 ) 
4 97 106 (-3616 7552 -128 ) (-3616 7360 -128 ) (-3616 7360 -32 ) (-3616 7552 -32 ) 
4 97 100 (-3616 8100 -128 ) (-3616 7836 -128 ) (-3616 7836 -64 ) (-3616 8100 -64 ) 
4 97 104 (-3616 7836 -128 ) (-3616 7808 -128 ) (-3616 7808 -64 ) (-3616 7836 -64 ) 
4 97 99 (-3616 8128 -128 ) (-3616 8100 -128 ) (-3616 8100 -64 ) (-3616 8128 -64 ) 
4 97 98 (-3616 7808 -64 ) (-3616 7808 -32 ) (-3616 8128 -32 ) (-3616 8128 -64 ) 
4 98 102 (-3623 8028 -64 ) (-3623 7836 -64 ) (-3625 7836 -64 ) (-3625 8028 -64 ) 
4 98 101 (-3625 8100 -64 ) (-3623 8100 -64 ) (-3623 8028 -64 ) (-3625 8028 -64 ) 
4 98 100 (-3623 8100 -64 ) (-3616 8100 -64 ) (-3616 7836 -64 ) (-3623 7836 -64 ) 
4 98 103 (-3632 7836 -64 ) (-3632 8100 -64 ) (-3625 8100 -64 ) (-3625 7836 -64 ) 
4 98 104 (-3616 7808 -64 ) (-3632 7808 -64 ) (-3632 7836 -64 ) (-3616 7836 -64 ) 
4 98 99 (-3632 8100 -64 ) (-3632 8128 -64 ) (-3616 8128 -64 ) (-3616 8100 -64 ) 
4 98 105 (-3632 7808 -64 ) (-3632 7808 -32 ) (-3632 8128 -32 ) (-3632 8128 -64 ) 
4 99 136 (-3616 8128 -128 ) (-3616 8100 -128 ) (-3632 8100 -128 ) (-3632 8128 -128 ) 
4 99 101 (-3623 8100 -64 ) (-3625 8100 -64 ) (-3625 8100 -128 ) (-3623 8100 -128 ) 
4 99 100 (-3616 8100 -128 ) (-3616 8100 -64 ) (-3623 8100 -64 ) (-3623 8100 -128 ) 
4 99 103 (-3625 8100 -64 ) (-3632 8100 -64 ) (-3632 8100 -128 ) (-3625 8100 -128 ) 
4 99 105 (-3632 8128 -128 ) (-3632 8100 -128 ) (-3632 8100 -64 ) (-3632 8128 -64 ) 
4 100 137 (-3616 8100 -128 ) (-3616 7836 -128 ) (-3623 7836 -128 ) (-3623 8100 -128 ) 
4 100 102 (-3623 8028 -128 ) (-3623 7836 -128 ) (-3623 7836 -64 ) (-3623 8028 -64 ) 
4 100 101 (-3623 8100 -64 ) (-3623 8100 -128 ) (-3623 8028 -128 ) (-3623 8028 -64 ) 
4 100 104 (-3616 7836 -128 ) (-3616 7836 -64 ) (-3623 7836 -64 ) (-3623 7836 -128 ) 
4 101 138 (-3625 8028 -128 ) (-3625 8100 -128 ) (-3623 8100 -128 ) (-3623 8028 -128 ) 
4 101 103 (-3625 8100 -64 ) (-3625 8100 -128 ) (-3625 8028 -128 ) (-3625 8028 -64 ) 
4 101 102 (-3625 8028 -64 ) (-3625 8028 -128 ) (-3623 8028 -128 ) (-3623 8028 -64 ) 
4 102 139 (-3623 7836 -128 ) (-3625 7836 -128 ) (-3625 8028 -128 ) (-3623 8028 -128 ) 
4 102 104 (-3623 7836 -64 ) (-3625 7836 -64 ) (-3625 7836 -128 ) (-3623 7836 -128 ) 
4 102 103 (-3625 8028 -128 ) (-3625 7836 -128 ) (-3625 7836 -64 ) (-3625 8028 -64 ) 
4 103 140 (-3625 7836 -128 ) (-3632 7836 -128 ) (-3632 8100 -128 ) (-3625 8100 -128 ) 
4 103 104 (-3625 7836 -64 ) (-3632 7836 -64 ) (-3632 7836 -128 ) (-3625 7836 -128 ) 
4 103 105 (-3632 8100 -128 ) (-3632 7836 -128 ) (-3632 7836 -64 ) (-3632 8100 -64 ) 
4 104 141 (-3616 7836 -128 ) (-3616 7808 -128 ) (-3632 7808 -128 ) (-3632 7836 -128 ) 
4 104 105 (-3632 7836 -128 ) (-3632 7808 -128 ) (-3632 7808 -64 ) (-3632 7836 -64 ) 
4 105 162 (-4096 7836 -128 ) (-4096 7808 -128 ) (-4096 7808 -32 ) (-4096 7836 -32 ) 
4 105 158 (-4096 8100 -128 ) (-4096 7836 -128 ) (-4096 7836 -64 ) (-4096 8100 -64 ) 
4 105 157 (-4096 8128 -128 ) (-4096 8100 -128 ) (-4096 8100 -64 ) (-4096 8128 -64 ) 
4 105 156 (-4096 7836 -64 ) (-4096 7836 -32 ) (-4096 8128 -32 ) (-4096 8128 -64 ) 
4 105 155 (-4096 8192 -32 ) (-4096 8192 -128 ) (-4096 8128 -128 ) (-4096 8128 -32 ) 
4 105 141 (-4096 7808 -128 ) (-4096 7836 -128 ) (-3632 7836 -128 ) (-3632 7808 -128 ) 
4 105 140 (-4096 7836 -128 ) (-4096 8100 -128 ) (-3632 8100 -128 ) (-3632 7836 -128 ) 
4 105 136 (-4096 8100 -128 ) (-4096 8128 -128 ) (-3632 8128 -128 ) (-3632 8100 -128 ) 
4 105 135 (-4096 8128 -128 ) (-4096 8192 -128 ) (-3632 8192 -128 ) (-3632 8128 -128 ) 
4 106 165 (-4096 7360 0 ) (-4096 7488 0 ) (-4096 7488 -128 ) (-4096 7360 -128 ) 
4 106 163 (-4096 7488 0 ) (-4096 7552 0 ) (-4096 7552 -128 ) (-4096 7488 -128 ) 
4 106 142 (-3712 7552 -128 ) (-3616 7552 -128 ) (-3616 7360 -128 ) (-3712 7360 -128 ) 
4 106 111 (-4000 7360 -128 ) (-3808 7360 -128 ) (-3808 7360 0 ) (-4000 7360 0 ) 
4 107 108 (-3712 7168 0 ) (-3712 7168 -128 ) (-3520 7168 -128 ) (-3520 7168 0 ) 
4 108 110 (-3712 7168 -128 ) (-3712 6976 -128 ) (-3712 6976 0 ) (-3712 7168 0 ) 
4 109 111 (-3808 7232 -128 ) (-3808 7168 -128 ) (-3808 7168 0 ) (-3808 7232 0 ) 
4 109 110 (-3808 7168 0 ) (-3808 7168 -128 ) (-3744 7168 -128 ) (-3744 7168 0 ) 
4 110 111 (-3808 7168 -128 ) (-3808 6976 -128 ) (-3808 6976 0 ) (-3808 7168 0 ) 
4 112 119 (-2864 6600 -128 ) (-2864 6464 -128 ) (-2864 6464 0 ) (-2864 6600 0 ) 
4 112 114 (-2864 6648 -128 ) (-2864 6600 -128 ) (-2864 6600 0 ) (-2864 6648 0 ) 
4 113 116 (-3136 6712 -128 ) (-2880 6712 -128 ) (-2880 6712 -12 ) (-3136 6712 -12 ) 
4 113 115 (-2880 6712 -12 ) (-2880 6712 0 ) (-3136 6712 0 ) (-3136 6712 -12 ) 
4 114 119 (-2880 6600 -128 ) (-2864 6600 -128 ) (-2864 6600 0 ) (-2880 6600 0 ) 
4 114 116 (-2880 6656 -128 ) (-2880 6600 -128 ) (-2880 6600 -12 ) (-2880 6656 -12 ) 
4 114 115 (-2880 6600 -12 ) (-2880 6600 0 ) (-2880 6656 0 ) (-2880 6656 -12 ) 
4 115 120 (-3136 6600 -12 ) (-2880 6600 -12 ) (-2880 6600 0 ) (-3136 6600 0 ) 
4 115 116 (-3136 6712 -12 ) (-2880 6712 -12 ) (-2880 6600 -12 ) (-3136 6600 -12 ) 
4 116 120 (-3136 6600 -128 ) (-2880 6600 -128 ) (-2880 6600 -12 ) (-3136 6600 -12 ) 
4 116 117 (-3139 6600 -128 ) (-3139 6600 -12 ) (-3139 6712 -12 ) (-3139 6712 -128 ) 
4 117 118 (-3141 6600 -128 ) (-3141 6600 -12 ) (-3141 6712 -12 ) (-3141 6712 -128 ) 
4 118 122 (-3144 6712 -128 ) (-3144 6600 -128 ) (-3144 6600 -12 ) (-3144 6712 -12 ) 
4 119 120 (-2880 6600 0 ) (-2880 6600 -128 ) (-2880 6464 -128 ) (-2880 6464 0 ) 
4 120 121 (-3136 6528 -128 ) (-3136 6016 -128 ) (-3136 6016 0 ) (-3136 6528 0 ) 
4 121 123 (-3144 6522 -128 ) (-3144 6336 -128 ) (-3144 6336 0 ) (-3144 6522 0 ) 
4 121 124 (-3144 6336 -128 ) (-3144 6016 -128 ) (-3144 6016 0 ) (-3144 6336 0 ) 
4 122 143 (-3144 6744 -128 ) (-3144 6568 -128 ) (-3288 6568 -128 ) (-3288 6744 -128 ) 
4 123 124 (-3392 6336 -128 ) (-3144 6336 -128 ) (-3144 6336 0 ) (-3392 6336 0 ) 
4 124 128 (-3640 6016 -128 ) (-3576 6016 -128 ) (-3576 6016 -20 ) (-3640 6016 -20 ) 
4 124 127 (-3568 6016 -128 ) (-3408 6016 -128 ) (-3408 6016 0 ) (-3568 6016 0 ) 
4 124 126 (-3328 6016 -128 ) (-3200 6016 -128 ) (-3200 6016 0 ) (-3328 6016 0 ) 
4 124 125 (-3648 6272 -128 ) (-3648 6080 -128 ) (-3648 6080 0 ) (-3648 6272 0 ) 
4 126 129 (-3328 6000 -128 ) (-3200 6000 -128 ) (-3200 6000 0 ) (-3328 6000 0 ) 
4 127 131 (-3568 6000 -128 ) (-3408 6000 -128 ) (-3408 6000 0 ) (-3568 6000 0 ) 
4 128 131 (-3640 6000 -128 ) (-3576 6000 -128 ) (-3576 6000 -20 ) (-3640 6000 -20 ) 
4 129 132 (-3328 5744 -128 ) (-3200 5744 -128 ) (-3200 5744 0 ) (-3328 5744 0 ) 
4 129 130 (-3328 5936 -128 ) (-3328 5808 -128 ) (-3328 5808 0 ) (-3328 5936 0 ) 
4 130 131 (-3344 5936 -128 ) (-3344 5808 -128 ) (-3344 5808 0 ) (-3344 5936 0 ) 
4 132 133 (-3328 5728 -128 ) (-3200 5728 -128 ) (-3200 5728 0 ) (-3328 5728 0 ) 
4 133 144 (-3520 5728 -128 ) (-3008 5728 -128 ) (-3008 5632 -128 ) (-3520 5632 -128 ) 
4 134 142 (-3616 7360 -192 ) (-3616 7360 -128 ) (-3616 7552 -128 ) (-3616 7552 -192 ) 
4 134 141 (-3616 7808 -128 ) (-3616 7836 -128 ) (-3616 7836 -192 ) (-3616 7808 -192 ) 
4 134 137 (-3616 7836 -128 ) (-3616 8100 -128 ) (-3616 8100 -192 ) (-3616 7836 -192 ) 
4 134 136 (-3616 8100 -128 ) (-3616 8128 -128 ) (-3616 8128 -192 ) (-3616 8100 -192 ) 
4 135 155 (-4096 8128 -128 ) (-4096 8192 -128 ) (-4096 8192 -192 ) (-4096 8128 -192 ) 
4 135 136 (-4096 8128 -192 ) (-3632 8128 -192 ) (-3632 8128 -128 ) (-4096 8128 -128 ) 
4 136 157 (-4096 8100 -128 ) (-4096 8128 -128 ) (-4096 8128 -192 ) (-4096 8100 -192 ) 
4 136 138 (-3625 8100 -192 ) (-3623 8100 -192 ) (-3623 8100 -128 ) (-3625 8100 -128 ) 
4 136 137 (-3623 8100 -192 ) (-3616 8100 -192 ) (-3616 8100 -128 ) (-3623 8100 -128 ) 
4 136 140 (-4096 8100 -192 ) (-3625 8100 -192 ) (-3625 8100 -128 ) (-4096 8100 -128 ) 
4 137 141 (-3623 7836 -192 ) (-3616 7836 -192 ) (-3616 7836 -128 ) (-3623 7836 -128 ) 
4 137 139 (-3623 8028 -192 ) (-3623 7836 -192 ) (-3623 7836 -128 ) (-3623 8028 -128 ) 
4 137 138 (-3623 8100 -128 ) (-3623 8100 -192 ) (-3623 8028 -192 ) (-3623 8028 -128 ) 
4 138 140 (-3625 8100 -128 ) (-3625 8100 -192 ) (-3625 8028 -192 ) (-3625 8028 -128 ) 
4 138 139 (-3625 8028 -128 ) (-3625 8028 -192 ) (-3623 8028 -192 ) (-3623 8028 -128 ) 
4 139 141 (-3625 7836 -192 ) (-3623 7836 -192 ) (-3623 7836 -128 ) (-3625 7836 -128 ) 
4 139 140 (-3625 8028 -192 ) (-3625 7836 -192 ) (-3625 7836 -128 ) (-3625 8028 -128 ) 
4 140 158 (-4096 7836 -128 ) (-4096 8100 -128 ) (-4096 8100 -192 ) (-4096 7836 -192 ) 
4 140 141 (-4096 7836 -192 ) (-3625 7836 -192 ) (-3625 7836 -128 ) (-4096 7836 -128 ) 
4 141 162 (-4096 7808 -128 ) (-4096 7836 -128 ) (-4096 7836 -192 ) (-4096 7808 -192 ) 
4 144 145 (-3520 5728 -144 ) (-3008 5728 -144 ) (-3008 5632 -144 ) (-3520 5632 -144 ) 
4 146 183 (-4480 7488 384 ) (-4480 7296 384 ) (-4480 7296 512 ) (-4480 7488 512 ) 
4 146 182 (-4480 7296 512 ) (-4480 7296 576 ) (-4480 7488 576 ) (-4480 7488 512 ) 
4 146 171 (-4480 7296 384 ) (-4480 7360 384 ) (-4096 7360 384 ) (-4096 7296 384 ) 
4 146 170 (-4480 7360 384 ) (-4480 7488 384 ) (-4352 7488 384 ) (-4352 7360 384 ) 
4 146 167 (-4352 7488 384 ) (-4192 7488 384 ) (-4192 7360 384 ) (-4352 7360 384 ) 
4 146 164 (-4192 7488 384 ) (-4096 7488 384 ) (-4096 7360 384 ) (-4192 7360 384 ) 
4 147 149 (-4160 6976 544 ) (-4160 7168 544 ) (-4160 7168 384 ) (-4160 6976 384 ) 
4 148 173 (-4096 6784 384 ) (-4096 6416 384 ) (-4160 6416 384 ) (-4160 6784 384 ) 
4 148 149 (-4160 6416 384 ) (-4160 6416 544 ) (-4160 6784 544 ) (-4160 6784 384 ) 
4 149 174 (-4160 6976 384 ) (-4160 6416 384 ) (-4224 6416 384 ) (-4224 6976 384 ) 
4 149 150 (-4224 6416 384 ) (-4224 6416 544 ) (-4224 7167 544 ) (-4224 7167 384 ) 
4 150 174 (-4224 6976 384 ) (-4224 6416 384 ) (-4288 6416 384 ) (-4288 6976 384 ) 
4 150 151 (-4416 6416 384 ) (-4416 6416 544 ) (-4416 7167 544 ) (-4416 7167 384 ) 
4 151 153 (-4479 6704 544 ) (-4479 6800 544 ) (-4479 6800 384 ) (-4479 6704 384 ) 
4 151 154 (-4479 6416 384 ) (-4479 6416 544 ) (-4479 6544 544 ) (-4479 6544 384 ) 
4 151 152 (-4479 6960 544 ) (-4479 7168 544 ) (-4479 7168 384 ) (-4479 6960 384 ) 
4 152 184 (-4480 7136 384 ) (-4480 7008 384 ) (-4480 7008 512 ) (-4480 7136 512 ) 
4 155 157 (-4176 8128 -192 ) (-4096 8128 -192 ) (-4096 8128 -64 ) (-4176 8128 -64 ) 
4 155 156 (-4096 8128 -64 ) (-4096 8128 -32 ) (-4176 8128 -32 ) (-4176 8128 -64 ) 
4 156 169 (-4192 7836 -64 ) (-4192 7836 -32 ) (-4192 8128 -32 ) (-4192 8128 -64 ) 
4 156 162 (-4096 7836 -64 ) (-4096 7836 -32 ) (-4192 7836 -32 ) (-4192 7836 -64 ) 
4 156 160 (-4183 7836 -64 ) (-4185 7836 -64 ) (-4185 8028 -64 ) (-4183 8028 -64 ) 
4 156 159 (-4185 8028 -64 ) (-4185 8100 -64 ) (-4183 8100 -64 ) (-4183 8028 -64 ) 
4 156 158 (-4096 7836 -64 ) (-4183 7836 -64 ) (-4183 8100 -64 ) (-4096 8100 -64 ) 
4 156 161 (-4185 7836 -64 ) (-4192 7836 -64 ) (-4192 8100 -64 ) (-4185 8100 -64 ) 
4 156 157 (-4192 8100 -64 ) (-4192 8128 -64 ) (-4096 8128 -64 ) (-4096 8100 -64 ) 
4 157 169 (-4192 8128 -192 ) (-4192 8100 -192 ) (-4192 8100 -64 ) (-4192 8128 -64 ) 
4 157 159 (-4185 8100 -192 ) (-4183 8100 -192 ) (-4183 8100 -64 ) (-4185 8100 -64 ) 
4 157 158 (-4183 8100 -192 ) (-4096 8100 -192 ) (-4096 8100 -64 ) (-4183 8100 -64 ) 
4 157 161 (-4192 8100 -192 ) (-4185 8100 -192 ) (-4185 8100 -64 ) (-4192 8100 -64 ) 
4 158 162 (-4183 7836 -192 ) (-4096 7836 -192 ) (-4096 7836 -64 ) (-4183 7836 -64 ) 
4 158 160 (-4183 8028 -192 ) (-4183 7836 -192 ) (-4183 7836 -64 ) (-4183 8028 -64 ) 
4 158 159 (-4183 8100 -64 ) (-4183 8100 -192 ) (-4183 8028 -192 ) (-4183 8028 -64 ) 
4 159 161 (-4185 8100 -64 ) (-4185 8100 -192 ) (-4185 8028 -192 ) (-4185 8028 -64 ) 
4 159 160 (-4185 8028 -64 ) (-4185 8028 -192 ) (-4183 8028 -192 ) (-4183 8028 -64 ) 
4 160 162 (-4185 7836 -192 ) (-4183 7836 -192 ) (-4183 7836 -64 ) (-4185 7836 -64 ) 
4 160 161 (-4185 8028 -192 ) (-4185 7836 -192 ) (-4185 7836 -64 ) (-4185 8028 -64 ) 
4 161 169 (-4192 8100 -192 ) (-4192 7836 -192 ) (-4192 7836 -64 ) (-4192 8100 -64 ) 
4 161 162 (-4192 7836 -192 ) (-4185 7836 -192 ) (-4185 7836 -64 ) (-4192 7836 -64 ) 
4 162 169 (-4192 7836 -192 ) (-4192 7808 -192 ) (-4192 7808 -32 ) (-4192 7836 -32 ) 
4 163 169 (-4192 7552 -32 ) (-4192 7552 -192 ) (-4192 7488 -192 ) (-4192 7488 -32 ) 
4 163 166 (-4192 7552 0 ) (-4192 7552 -32 ) (-4192 7488 -32 ) (-4192 7488 0 ) 
4 163 165 (-4192 7488 0 ) (-4192 7488 -192 ) (-4096 7488 -128 ) (-4096 7488 32 ) 
4 164 171 (-4096 7360 192 ) (-4096 7360 384 ) (-4192 7360 384 ) (-4192 7360 240 ) 
4 164 167 (-4192 7360 240 ) (-4192 7360 384 ) (-4192 7488 384 ) (-4192 7488 240 ) 
4 165 169 (-4192 7360 -192 ) (-4192 7360 -32 ) (-4192 7488 -32 ) (-4192 7488 -192 ) 
4 165 168 (-4192 7360 -32 ) (-4192 7360 0 ) (-4192 7488 0 ) (-4192 7488 -32 ) 
4 166 169 (-4352 7488 -32 ) (-4352 7648 -32 ) (-4192 7648 -32 ) (-4192 7488 -32 ) 
4 166 168 (-4352 7488 0 ) (-4352 7488 -32 ) (-4192 7488 -32 ) (-4192 7488 0 ) 
4 167 171 (-4192 7360 384 ) (-4352 7360 384 ) (-4352 7360 320 ) (-4192 7360 240 ) 
4 167 170 (-4352 7360 320 ) (-4352 7360 384 ) (-4352 7488 384 ) (-4352 7488 320 ) 
4 168 169 (-4352 7360 -32 ) (-4352 7488 -32 ) (-4192 7488 -32 ) (-4192 7360 -32 ) 
3 170 171 (-4352 7360 384 ) (-4480 7360 384 ) (-4352 7360 320 ) 
4 172 176 (-4336 6976 192 ) (-4304 6976 192 ) (-4304 6976 352 ) (-4336 6976 352 ) 
4 172 175 (-4304 6976 192 ) (-4160 6976 192 ) (-4160 6976 352 ) (-4304 6976 352 ) 
4 172 179 (-4480 6976 192 ) (-4336 6976 192 ) (-4336 6976 352 ) (-4480 6976 352 ) 
4 173 175 (-4160 6784 192 ) (-4160 6416 192 ) (-4160 6416 352 ) (-4160 6784 352 ) 
4 173 174 (-4160 6416 352 ) (-4160 6416 384 ) (-4160 6784 384 ) (-4160 6784 352 ) 
4 174 175 (-4288 6976 352 ) (-4160 6976 352 ) (-4160 6416 352 ) (-4288 6416 352 ) 
4 175 178 (-4304 6416 192 ) (-4304 6416 352 ) (-4304 6544 352 ) (-4304 6544 192 ) 
4 175 176 (-4304 6960 352 ) (-4304 6976 352 ) (-4304 6976 192 ) (-4304 6960 192 ) 
4 175 177 (-4304 6704 352 ) (-4304 6800 352 ) (-4304 6800 192 ) (-4304 6704 192 ) 
4 176 179 (-4336 6960 352 ) (-4336 6976 352 ) (-4336 6976 192 ) (-4336 6960 192 ) 
4 177 179 (-4336 6704 352 ) (-4336 6800 352 ) (-4336 6800 192 ) (-4336 6704 192 ) 
4 178 179 (-4336 6416 192 ) (-4336 6416 352 ) (-4336 6544 352 ) (-4336 6544 192 ) 
4 180 181 (-4480 6016 192 ) (-4480 6272 192 ) (-4096 6272 192 ) (-4096 6016 192 ) 
4 182 185 (-4496 7296 576 ) (-4496 7488 576 ) (-4496 7488 512 ) (-4496 7296 512 ) 
4 182 183 (-4496 7296 512 ) (-4496 7488 512 ) (-4480 7488 512 ) (-4480 7296 512 ) 
4 183 185 (-4496 7488 384 ) (-4496 7296 384 ) (-4496 7296 512 ) (-4496 7488 512 ) 
4 184 186 (-4496 7136 384 ) (-4496 7008 384 ) (-4496 7008 512 ) (-4496 7136 512 ) 
4 185 187 (-4736 7296 576 ) (-4736 7296 384 ) (-4544 7296 384 ) (-4544 7296 576 ) 
4 186 187 (-4544 7136 384 ) (-4544 7008 384 ) (-4544 7008 576 ) (-4544 7136 576 ) 
